mode: atomic
github.com/Dokhoyan/avito-pr-test/internal/service/pr/create.go:15.105,16.50 1 0
github.com/Dokhoyan/avito-pr-test/internal/service/pr/create.go:16.50,18.3 1 0
github.com/Dokhoyan/avito-pr-test/internal/service/pr/create.go:19.2,19.61 1 0
github.com/Dokhoyan/avito-pr-test/internal/service/pr/create.go:19.61,21.17 2 0
github.com/Dokhoyan/avito-pr-test/internal/service/pr/create.go:21.17,23.4 1 0
github.com/Dokhoyan/avito-pr-test/internal/service/pr/create.go:24.3,24.13 1 0
github.com/Dokhoyan/avito-pr-test/internal/service/pr/create.go:24.13,26.4 1 0
github.com/Dokhoyan/avito-pr-test/internal/service/pr/create.go:27.3,28.17 2 0
github.com/Dokhoyan/avito-pr-test/internal/service/pr/create.go:28.17,29.50 1 0
github.com/Dokhoyan/avito-pr-test/internal/service/pr/create.go:29.50,31.5 1 0
github.com/Dokhoyan/avito-pr-test/internal/service/pr/create.go:33.4,33.54 1 0
github.com/Dokhoyan/avito-pr-test/internal/service/pr/create.go:35.3,35.18 1 0
github.com/Dokhoyan/avito-pr-test/internal/service/pr/create.go:35.18,37.4 1 0
github.com/Dokhoyan/avito-pr-test/internal/service/pr/create.go:38.3,38.21 1 0
github.com/Dokhoyan/avito-pr-test/internal/service/pr/create.go:38.21,40.4 1 0
github.com/Dokhoyan/avito-pr-test/internal/service/pr/create.go:41.3,42.17 2 0
github.com/Dokhoyan/avito-pr-test/internal/service/pr/create.go:42.17,44.4 1 0
github.com/Dokhoyan/avito-pr-test/internal/service/pr/create.go:45.3,45.18 1 0
github.com/Dokhoyan/avito-pr-test/internal/service/pr/create.go:45.18,47.4 1 0
github.com/Dokhoyan/avito-pr-test/internal/service/pr/create.go:49.3,55.64 2 0
github.com/Dokhoyan/avito-pr-test/internal/service/pr/create.go:55.64,57.4 1 0
github.com/Dokhoyan/avito-pr-test/internal/service/pr/create.go:58.3,59.60 2 0
github.com/Dokhoyan/avito-pr-test/internal/service/pr/create.go:59.60,61.4 1 0
github.com/Dokhoyan/avito-pr-test/internal/service/pr/create.go:62.3,62.40 1 0
github.com/Dokhoyan/avito-pr-test/internal/service/pr/create.go:62.40,63.73 1 0
github.com/Dokhoyan/avito-pr-test/internal/service/pr/create.go:63.73,65.5 1 0
github.com/Dokhoyan/avito-pr-test/internal/service/pr/create.go:68.3,68.13 1 0
github.com/Dokhoyan/avito-pr-test/internal/service/pr/create.go:70.2,70.16 1 0
github.com/Dokhoyan/avito-pr-test/internal/service/pr/create.go:70.16,72.3 1 0
github.com/Dokhoyan/avito-pr-test/internal/service/pr/create.go:73.2,74.16 2 0
github.com/Dokhoyan/avito-pr-test/internal/service/pr/create.go:74.16,75.47 1 0
github.com/Dokhoyan/avito-pr-test/internal/service/pr/create.go:75.47,77.4 1 0
github.com/Dokhoyan/avito-pr-test/internal/service/pr/create.go:79.3,79.54 1 0
github.com/Dokhoyan/avito-pr-test/internal/service/pr/create.go:82.2,82.16 1 0
github.com/Dokhoyan/avito-pr-test/internal/service/pr/create.go:85.95,87.16 2 0
github.com/Dokhoyan/avito-pr-test/internal/service/pr/create.go:87.16,89.3 1 0
github.com/Dokhoyan/avito-pr-test/internal/service/pr/create.go:91.2,91.26 1 0
github.com/Dokhoyan/avito-pr-test/internal/service/pr/create.go:91.26,93.3 1 0
github.com/Dokhoyan/avito-pr-test/internal/service/pr/create.go:94.2,94.43 1 0
github.com/Dokhoyan/avito-pr-test/internal/service/pr/create.go:94.43,96.17 2 0
github.com/Dokhoyan/avito-pr-test/internal/service/pr/create.go:96.17,98.4 1 0
github.com/Dokhoyan/avito-pr-test/internal/service/pr/create.go:99.3,100.62 2 0
github.com/Dokhoyan/avito-pr-test/internal/service/pr/create.go:103.2,106.36 3 0
github.com/Dokhoyan/avito-pr-test/internal/service/pr/create.go:106.36,108.3 1 0
github.com/Dokhoyan/avito-pr-test/internal/service/pr/create.go:110.2,110.25 1 0
github.com/Dokhoyan/avito-pr-test/internal/service/pr/merge.go:14.86,15.16 1 0
github.com/Dokhoyan/avito-pr-test/internal/service/pr/merge.go:15.16,17.3 1 0
github.com/Dokhoyan/avito-pr-test/internal/service/pr/merge.go:18.2,18.61 1 0
github.com/Dokhoyan/avito-pr-test/internal/service/pr/merge.go:18.61,20.17 2 0
github.com/Dokhoyan/avito-pr-test/internal/service/pr/merge.go:20.17,21.48 1 0
github.com/Dokhoyan/avito-pr-test/internal/service/pr/merge.go:21.48,23.5 1 0
github.com/Dokhoyan/avito-pr-test/internal/service/pr/merge.go:25.4,25.50 1 0
github.com/Dokhoyan/avito-pr-test/internal/service/pr/merge.go:27.3,27.16 1 0
github.com/Dokhoyan/avito-pr-test/internal/service/pr/merge.go:27.16,29.4 1 0
github.com/Dokhoyan/avito-pr-test/internal/service/pr/merge.go:30.3,30.40 1 0
github.com/Dokhoyan/avito-pr-test/internal/service/pr/merge.go:30.40,32.4 1 0
github.com/Dokhoyan/avito-pr-test/internal/service/pr/merge.go:33.3,34.17 2 0
github.com/Dokhoyan/avito-pr-test/internal/service/pr/merge.go:34.17,36.4 1 0
github.com/Dokhoyan/avito-pr-test/internal/service/pr/merge.go:38.3,38.13 1 0
github.com/Dokhoyan/avito-pr-test/internal/service/pr/merge.go:40.2,40.16 1 0
github.com/Dokhoyan/avito-pr-test/internal/service/pr/merge.go:40.16,42.3 1 0
github.com/Dokhoyan/avito-pr-test/internal/service/pr/merge.go:44.2,45.16 2 0
github.com/Dokhoyan/avito-pr-test/internal/service/pr/merge.go:45.16,47.3 1 0
github.com/Dokhoyan/avito-pr-test/internal/service/pr/merge.go:49.2,49.16 1 0
github.com/Dokhoyan/avito-pr-test/internal/service/pr/reassign.go:15.123,16.44 1 0
github.com/Dokhoyan/avito-pr-test/internal/service/pr/reassign.go:16.44,18.3 1 0
github.com/Dokhoyan/avito-pr-test/internal/service/pr/reassign.go:19.2,21.61 3 0
github.com/Dokhoyan/avito-pr-test/internal/service/pr/reassign.go:21.61,23.17 2 0
github.com/Dokhoyan/avito-pr-test/internal/service/pr/reassign.go:23.17,25.4 1 0
github.com/Dokhoyan/avito-pr-test/internal/service/pr/reassign.go:26.3,26.16 1 0
github.com/Dokhoyan/avito-pr-test/internal/service/pr/reassign.go:26.16,28.4 1 0
github.com/Dokhoyan/avito-pr-test/internal/service/pr/reassign.go:29.3,29.40 1 0
github.com/Dokhoyan/avito-pr-test/internal/service/pr/reassign.go:29.40,31.4 1 0
github.com/Dokhoyan/avito-pr-test/internal/service/pr/reassign.go:33.3,34.49 2 0
github.com/Dokhoyan/avito-pr-test/internal/service/pr/reassign.go:34.49,35.29 1 0
github.com/Dokhoyan/avito-pr-test/internal/service/pr/reassign.go:35.29,38.10 2 0
github.com/Dokhoyan/avito-pr-test/internal/service/pr/reassign.go:41.3,41.18 1 0
github.com/Dokhoyan/avito-pr-test/internal/service/pr/reassign.go:41.18,43.4 1 0
github.com/Dokhoyan/avito-pr-test/internal/service/pr/reassign.go:45.3,46.17 2 0
github.com/Dokhoyan/avito-pr-test/internal/service/pr/reassign.go:46.17,47.50 1 0
github.com/Dokhoyan/avito-pr-test/internal/service/pr/reassign.go:47.50,49.5 1 0
github.com/Dokhoyan/avito-pr-test/internal/service/pr/reassign.go:51.4,51.57 1 0
github.com/Dokhoyan/avito-pr-test/internal/service/pr/reassign.go:53.3,54.17 2 0
github.com/Dokhoyan/avito-pr-test/internal/service/pr/reassign.go:54.17,56.4 1 0
github.com/Dokhoyan/avito-pr-test/internal/service/pr/reassign.go:58.3,58.27 1 0
github.com/Dokhoyan/avito-pr-test/internal/service/pr/reassign.go:58.27,60.4 1 0
github.com/Dokhoyan/avito-pr-test/internal/service/pr/reassign.go:61.3,62.40 2 0
github.com/Dokhoyan/avito-pr-test/internal/service/pr/reassign.go:62.40,64.50 2 0
github.com/Dokhoyan/avito-pr-test/internal/service/pr/reassign.go:64.50,65.37 1 0
github.com/Dokhoyan/avito-pr-test/internal/service/pr/reassign.go:65.37,68.11 2 0
github.com/Dokhoyan/avito-pr-test/internal/service/pr/reassign.go:72.4,72.26 1 0
github.com/Dokhoyan/avito-pr-test/internal/service/pr/reassign.go:72.26,74.5 1 0
github.com/Dokhoyan/avito-pr-test/internal/service/pr/reassign.go:76.3,76.36 1 0
github.com/Dokhoyan/avito-pr-test/internal/service/pr/reassign.go:76.36,78.4 1 0
github.com/Dokhoyan/avito-pr-test/internal/service/pr/reassign.go:79.3,80.17 2 0
github.com/Dokhoyan/avito-pr-test/internal/service/pr/reassign.go:80.17,82.4 1 0
github.com/Dokhoyan/avito-pr-test/internal/service/pr/reassign.go:84.3,87.79 3 0
github.com/Dokhoyan/avito-pr-test/internal/service/pr/reassign.go:87.79,89.4 1 0
github.com/Dokhoyan/avito-pr-test/internal/service/pr/reassign.go:91.3,91.83 1 0
github.com/Dokhoyan/avito-pr-test/internal/service/pr/reassign.go:91.83,93.4 1 0
github.com/Dokhoyan/avito-pr-test/internal/service/pr/reassign.go:95.3,96.17 2 0
github.com/Dokhoyan/avito-pr-test/internal/service/pr/reassign.go:96.17,98.4 1 0
github.com/Dokhoyan/avito-pr-test/internal/service/pr/reassign.go:99.3,101.13 2 0
github.com/Dokhoyan/avito-pr-test/internal/service/pr/reassign.go:103.2,103.16 1 0
github.com/Dokhoyan/avito-pr-test/internal/service/pr/reassign.go:103.16,105.3 1 0
github.com/Dokhoyan/avito-pr-test/internal/service/pr/reassign.go:107.2,107.37 1 0
github.com/Dokhoyan/avito-pr-test/internal/service/pr/service.go:16.185,18.2 1 0
github.com/Dokhoyan/avito-pr-test/internal/service/pr/service.go:20.199,27.2 1 0
github.com/Dokhoyan/avito-pr-test/internal/service/trm.go:20.92,22.2 1 0
github.com/Dokhoyan/avito-pr-test/internal/service/trm.go:25.54,27.2 1 0
github.com/Dokhoyan/avito-pr-test/internal/service/mocks/mock_PRService.go:21.59,23.2 1 0
github.com/Dokhoyan/avito-pr-test/internal/service/mocks/mock_PRService.go:26.129,29.19 2 0
github.com/Dokhoyan/avito-pr-test/internal/service/mocks/mock_PRService.go:29.19,30.50 1 0
github.com/Dokhoyan/avito-pr-test/internal/service/mocks/mock_PRService.go:33.2,35.106 3 0
github.com/Dokhoyan/avito-pr-test/internal/service/mocks/mock_PRService.go:35.106,37.3 1 0
github.com/Dokhoyan/avito-pr-test/internal/service/mocks/mock_PRService.go:38.2,38.97 1 0
github.com/Dokhoyan/avito-pr-test/internal/service/mocks/mock_PRService.go:38.97,40.3 1 0
github.com/Dokhoyan/avito-pr-test/internal/service/mocks/mock_PRService.go:40.8,41.24 1 0
github.com/Dokhoyan/avito-pr-test/internal/service/mocks/mock_PRService.go:41.24,43.4 1 0
github.com/Dokhoyan/avito-pr-test/internal/service/mocks/mock_PRService.go:46.2,46.84 1 0
github.com/Dokhoyan/avito-pr-test/internal/service/mocks/mock_PRService.go:46.84,48.3 1 0
github.com/Dokhoyan/avito-pr-test/internal/service/mocks/mock_PRService.go:48.8,50.3 1 0
github.com/Dokhoyan/avito-pr-test/internal/service/mocks/mock_PRService.go:52.2,52.15 1 0
github.com/Dokhoyan/avito-pr-test/internal/service/mocks/mock_PRService.go:65.150,67.2 1 0
github.com/Dokhoyan/avito-pr-test/internal/service/mocks/mock_PRService.go:69.149,70.40 1 0
github.com/Dokhoyan/avito-pr-test/internal/service/mocks/mock_PRService.go:70.40,72.3 1 0
github.com/Dokhoyan/avito-pr-test/internal/service/mocks/mock_PRService.go:73.2,73.11 1 0
github.com/Dokhoyan/avito-pr-test/internal/service/mocks/mock_PRService.go:76.111,79.2 2 0
github.com/Dokhoyan/avito-pr-test/internal/service/mocks/mock_PRService.go:81.161,84.2 2 0
github.com/Dokhoyan/avito-pr-test/internal/service/mocks/mock_PRService.go:87.96,90.19 2 0
github.com/Dokhoyan/avito-pr-test/internal/service/mocks/mock_PRService.go:90.19,91.49 1 0
github.com/Dokhoyan/avito-pr-test/internal/service/mocks/mock_PRService.go:94.2,96.90 3 0
github.com/Dokhoyan/avito-pr-test/internal/service/mocks/mock_PRService.go:96.90,98.3 1 0
github.com/Dokhoyan/avito-pr-test/internal/service/mocks/mock_PRService.go:99.2,99.81 1 0
github.com/Dokhoyan/avito-pr-test/internal/service/mocks/mock_PRService.go:99.81,101.3 1 0
github.com/Dokhoyan/avito-pr-test/internal/service/mocks/mock_PRService.go:101.8,102.24 1 0
github.com/Dokhoyan/avito-pr-test/internal/service/mocks/mock_PRService.go:102.24,104.4 1 0
github.com/Dokhoyan/avito-pr-test/internal/service/mocks/mock_PRService.go:107.2,107.68 1 0
github.com/Dokhoyan/avito-pr-test/internal/service/mocks/mock_PRService.go:107.68,109.3 1 0
github.com/Dokhoyan/avito-pr-test/internal/service/mocks/mock_PRService.go:109.8,111.3 1 0
github.com/Dokhoyan/avito-pr-test/internal/service/mocks/mock_PRService.go:113.2,113.15 1 0
github.com/Dokhoyan/avito-pr-test/internal/service/mocks/mock_PRService.go:124.106,126.2 1 0
github.com/Dokhoyan/avito-pr-test/internal/service/mocks/mock_PRService.go:128.115,129.40 1 0
github.com/Dokhoyan/avito-pr-test/internal/service/mocks/mock_PRService.go:129.40,131.3 1 0
github.com/Dokhoyan/avito-pr-test/internal/service/mocks/mock_PRService.go:132.2,132.11 1 0
github.com/Dokhoyan/avito-pr-test/internal/service/mocks/mock_PRService.go:135.109,138.2 2 0
github.com/Dokhoyan/avito-pr-test/internal/service/mocks/mock_PRService.go:140.143,143.2 2 0
github.com/Dokhoyan/avito-pr-test/internal/service/mocks/mock_PRService.go:146.140,149.19 2 0
github.com/Dokhoyan/avito-pr-test/internal/service/mocks/mock_PRService.go:149.19,150.58 1 0
github.com/Dokhoyan/avito-pr-test/internal/service/mocks/mock_PRService.go:153.2,156.106 4 0
github.com/Dokhoyan/avito-pr-test/internal/service/mocks/mock_PRService.go:156.106,158.3 1 0
github.com/Dokhoyan/avito-pr-test/internal/service/mocks/mock_PRService.go:159.2,159.89 1 0
github.com/Dokhoyan/avito-pr-test/internal/service/mocks/mock_PRService.go:159.89,161.3 1 0
github.com/Dokhoyan/avito-pr-test/internal/service/mocks/mock_PRService.go:161.8,162.24 1 0
github.com/Dokhoyan/avito-pr-test/internal/service/mocks/mock_PRService.go:162.24,164.4 1 0
github.com/Dokhoyan/avito-pr-test/internal/service/mocks/mock_PRService.go:167.2,167.77 1 0
github.com/Dokhoyan/avito-pr-test/internal/service/mocks/mock_PRService.go:167.77,169.3 1 0
github.com/Dokhoyan/avito-pr-test/internal/service/mocks/mock_PRService.go:169.8,171.3 1 0
github.com/Dokhoyan/avito-pr-test/internal/service/mocks/mock_PRService.go:173.2,173.76 1 0
github.com/Dokhoyan/avito-pr-test/internal/service/mocks/mock_PRService.go:173.76,175.3 1 0
github.com/Dokhoyan/avito-pr-test/internal/service/mocks/mock_PRService.go:175.8,177.3 1 0
github.com/Dokhoyan/avito-pr-test/internal/service/mocks/mock_PRService.go:179.2,179.19 1 0
github.com/Dokhoyan/avito-pr-test/internal/service/mocks/mock_PRService.go:191.156,193.2 1 0
github.com/Dokhoyan/avito-pr-test/internal/service/mocks/mock_PRService.go:195.160,196.40 1 0
github.com/Dokhoyan/avito-pr-test/internal/service/mocks/mock_PRService.go:196.40,198.3 1 0
github.com/Dokhoyan/avito-pr-test/internal/service/mocks/mock_PRService.go:199.2,199.11 1 0
github.com/Dokhoyan/avito-pr-test/internal/service/mocks/mock_PRService.go:202.139,205.2 2 0
github.com/Dokhoyan/avito-pr-test/internal/service/mocks/mock_PRService.go:207.177,210.2 2 0
github.com/Dokhoyan/avito-pr-test/internal/service/mocks/mock_PRService.go:217.19,221.19 3 0
github.com/Dokhoyan/avito-pr-test/internal/service/mocks/mock_PRService.go:221.19,221.49 1 0
github.com/Dokhoyan/avito-pr-test/internal/service/mocks/mock_PRService.go:223.2,223.13 1 0
github.com/Dokhoyan/avito-pr-test/internal/service/mocks/mock_StatsService.go:21.65,23.2 1 0
github.com/Dokhoyan/avito-pr-test/internal/service/mocks/mock_StatsService.go:26.81,29.19 2 0
github.com/Dokhoyan/avito-pr-test/internal/service/mocks/mock_StatsService.go:29.19,30.50 1 0
github.com/Dokhoyan/avito-pr-test/internal/service/mocks/mock_StatsService.go:33.2,35.76 3 0
github.com/Dokhoyan/avito-pr-test/internal/service/mocks/mock_StatsService.go:35.76,37.3 1 0
github.com/Dokhoyan/avito-pr-test/internal/service/mocks/mock_StatsService.go:38.2,38.67 1 0
github.com/Dokhoyan/avito-pr-test/internal/service/mocks/mock_StatsService.go:38.67,40.3 1 0
github.com/Dokhoyan/avito-pr-test/internal/service/mocks/mock_StatsService.go:40.8,41.24 1 0
github.com/Dokhoyan/avito-pr-test/internal/service/mocks/mock_StatsService.go:41.24,43.4 1 0
github.com/Dokhoyan/avito-pr-test/internal/service/mocks/mock_StatsService.go:46.2,46.60 1 0
github.com/Dokhoyan/avito-pr-test/internal/service/mocks/mock_StatsService.go:46.60,48.3 1 0
github.com/Dokhoyan/avito-pr-test/internal/service/mocks/mock_StatsService.go:48.8,50.3 1 0
github.com/Dokhoyan/avito-pr-test/internal/service/mocks/mock_StatsService.go:52.2,52.15 1 0
github.com/Dokhoyan/avito-pr-test/internal/service/mocks/mock_StatsService.go:62.96,64.2 1 0
github.com/Dokhoyan/avito-pr-test/internal/service/mocks/mock_StatsService.go:66.110,67.40 1 0
github.com/Dokhoyan/avito-pr-test/internal/service/mocks/mock_StatsService.go:67.40,69.3 1 0
github.com/Dokhoyan/avito-pr-test/internal/service/mocks/mock_StatsService.go:70.2,70.11 1 0
github.com/Dokhoyan/avito-pr-test/internal/service/mocks/mock_StatsService.go:73.111,76.2 2 0
github.com/Dokhoyan/avito-pr-test/internal/service/mocks/mock_StatsService.go:78.137,81.2 2 0
github.com/Dokhoyan/avito-pr-test/internal/service/mocks/mock_StatsService.go:88.22,92.19 3 0
github.com/Dokhoyan/avito-pr-test/internal/service/mocks/mock_StatsService.go:92.19,92.49 1 0
github.com/Dokhoyan/avito-pr-test/internal/service/mocks/mock_StatsService.go:94.2,94.13 1 0
github.com/Dokhoyan/avito-pr-test/internal/service/mocks/mock_TeamService.go:21.63,23.2 1 0
github.com/Dokhoyan/avito-pr-test/internal/service/mocks/mock_TeamService.go:26.137,29.19 2 0
github.com/Dokhoyan/avito-pr-test/internal/service/mocks/mock_TeamService.go:29.19,30.63 1 0
github.com/Dokhoyan/avito-pr-test/internal/service/mocks/mock_TeamService.go:33.2,35.103 3 0
github.com/Dokhoyan/avito-pr-test/internal/service/mocks/mock_TeamService.go:35.103,37.3 1 0
github.com/Dokhoyan/avito-pr-test/internal/service/mocks/mock_TeamService.go:38.2,38.94 1 0
github.com/Dokhoyan/avito-pr-test/internal/service/mocks/mock_TeamService.go:38.94,40.3 1 0
github.com/Dokhoyan/avito-pr-test/internal/service/mocks/mock_TeamService.go:40.8,41.24 1 0
github.com/Dokhoyan/avito-pr-test/internal/service/mocks/mock_TeamService.go:41.24,43.4 1 0
github.com/Dokhoyan/avito-pr-test/internal/service/mocks/mock_TeamService.go:46.2,46.88 1 0
github.com/Dokhoyan/avito-pr-test/internal/service/mocks/mock_TeamService.go:46.88,48.3 1 0
github.com/Dokhoyan/avito-pr-test/internal/service/mocks/mock_TeamService.go:48.8,50.3 1 0
github.com/Dokhoyan/avito-pr-test/internal/service/mocks/mock_TeamService.go:52.2,52.15 1 0
github.com/Dokhoyan/avito-pr-test/internal/service/mocks/mock_TeamService.go:64.163,66.2 1 0
github.com/Dokhoyan/avito-pr-test/internal/service/mocks/mock_TeamService.go:68.179,69.40 1 0
github.com/Dokhoyan/avito-pr-test/internal/service/mocks/mock_TeamService.go:69.40,71.3 1 0
github.com/Dokhoyan/avito-pr-test/internal/service/mocks/mock_TeamService.go:72.2,72.11 1 0
github.com/Dokhoyan/avito-pr-test/internal/service/mocks/mock_TeamService.go:75.134,78.2 2 0
github.com/Dokhoyan/avito-pr-test/internal/service/mocks/mock_TeamService.go:80.188,83.2 2 0
github.com/Dokhoyan/avito-pr-test/internal/service/mocks/mock_TeamService.go:86.95,89.19 2 0
github.com/Dokhoyan/avito-pr-test/internal/service/mocks/mock_TeamService.go:89.19,90.49 1 0
github.com/Dokhoyan/avito-pr-test/internal/service/mocks/mock_TeamService.go:93.2,95.83 3 0
github.com/Dokhoyan/avito-pr-test/internal/service/mocks/mock_TeamService.go:95.83,97.3 1 0
github.com/Dokhoyan/avito-pr-test/internal/service/mocks/mock_TeamService.go:98.2,98.74 1 0
github.com/Dokhoyan/avito-pr-test/internal/service/mocks/mock_TeamService.go:98.74,100.3 1 0
github.com/Dokhoyan/avito-pr-test/internal/service/mocks/mock_TeamService.go:100.8,101.24 1 0
github.com/Dokhoyan/avito-pr-test/internal/service/mocks/mock_TeamService.go:101.24,103.4 1 0
github.com/Dokhoyan/avito-pr-test/internal/service/mocks/mock_TeamService.go:106.2,106.68 1 0
github.com/Dokhoyan/avito-pr-test/internal/service/mocks/mock_TeamService.go:106.68,108.3 1 0
github.com/Dokhoyan/avito-pr-test/internal/service/mocks/mock_TeamService.go:108.8,110.3 1 0
github.com/Dokhoyan/avito-pr-test/internal/service/mocks/mock_TeamService.go:112.2,112.15 1 0
github.com/Dokhoyan/avito-pr-test/internal/service/mocks/mock_TeamService.go:123.114,125.2 1 0
github.com/Dokhoyan/avito-pr-test/internal/service/mocks/mock_TeamService.go:127.123,128.40 1 0
github.com/Dokhoyan/avito-pr-test/internal/service/mocks/mock_TeamService.go:128.40,130.3 1 0
github.com/Dokhoyan/avito-pr-test/internal/service/mocks/mock_TeamService.go:131.2,131.11 1 0
github.com/Dokhoyan/avito-pr-test/internal/service/mocks/mock_TeamService.go:134.106,137.2 2 0
github.com/Dokhoyan/avito-pr-test/internal/service/mocks/mock_TeamService.go:139.140,142.2 2 0
github.com/Dokhoyan/avito-pr-test/internal/service/mocks/mock_TeamService.go:149.21,153.19 3 0
github.com/Dokhoyan/avito-pr-test/internal/service/mocks/mock_TeamService.go:153.19,153.49 1 0
github.com/Dokhoyan/avito-pr-test/internal/service/mocks/mock_TeamService.go:155.2,155.13 1 0
github.com/Dokhoyan/avito-pr-test/internal/service/mocks/mock_TrManager.go:20.59,22.2 1 0
github.com/Dokhoyan/avito-pr-test/internal/service/mocks/mock_TrManager.go:25.88,28.19 2 0
github.com/Dokhoyan/avito-pr-test/internal/service/mocks/mock_TrManager.go:28.19,29.44 1 0
github.com/Dokhoyan/avito-pr-test/internal/service/mocks/mock_TrManager.go:32.2,33.89 2 0
github.com/Dokhoyan/avito-pr-test/internal/service/mocks/mock_TrManager.go:33.89,35.3 1 0
github.com/Dokhoyan/avito-pr-test/internal/service/mocks/mock_TrManager.go:35.8,37.3 1 0
github.com/Dokhoyan/avito-pr-test/internal/service/mocks/mock_TrManager.go:39.2,39.11 1 0
github.com/Dokhoyan/avito-pr-test/internal/service/mocks/mock_TrManager.go:50.94,52.2 1 0
github.com/Dokhoyan/avito-pr-test/internal/service/mocks/mock_TrManager.go:54.124,55.40 1 0
github.com/Dokhoyan/avito-pr-test/internal/service/mocks/mock_TrManager.go:55.40,57.3 1 0
github.com/Dokhoyan/avito-pr-test/internal/service/mocks/mock_TrManager.go:58.2,58.11 1 0
github.com/Dokhoyan/avito-pr-test/internal/service/mocks/mock_TrManager.go:61.75,64.2 2 0
github.com/Dokhoyan/avito-pr-test/internal/service/mocks/mock_TrManager.go:66.132,69.2 2 0
github.com/Dokhoyan/avito-pr-test/internal/service/mocks/mock_TrManager.go:76.19,80.19 3 0
github.com/Dokhoyan/avito-pr-test/internal/service/mocks/mock_TrManager.go:80.19,80.49 1 0
github.com/Dokhoyan/avito-pr-test/internal/service/mocks/mock_TrManager.go:82.2,82.13 1 0
github.com/Dokhoyan/avito-pr-test/internal/service/mocks/mock_UserService.go:21.63,23.2 1 0
github.com/Dokhoyan/avito-pr-test/internal/service/mocks/mock_UserService.go:26.114,29.19 2 0
github.com/Dokhoyan/avito-pr-test/internal/service/mocks/mock_UserService.go:29.19,30.56 1 0
github.com/Dokhoyan/avito-pr-test/internal/service/mocks/mock_UserService.go:33.2,35.97 3 0
github.com/Dokhoyan/avito-pr-test/internal/service/mocks/mock_UserService.go:35.97,37.3 1 0
github.com/Dokhoyan/avito-pr-test/internal/service/mocks/mock_UserService.go:38.2,38.88 1 0
github.com/Dokhoyan/avito-pr-test/internal/service/mocks/mock_UserService.go:38.88,40.3 1 0
github.com/Dokhoyan/avito-pr-test/internal/service/mocks/mock_UserService.go:40.8,41.24 1 0
github.com/Dokhoyan/avito-pr-test/internal/service/mocks/mock_UserService.go:41.24,43.4 1 0
github.com/Dokhoyan/avito-pr-test/internal/service/mocks/mock_UserService.go:46.2,46.68 1 0
github.com/Dokhoyan/avito-pr-test/internal/service/mocks/mock_UserService.go:46.68,48.3 1 0
github.com/Dokhoyan/avito-pr-test/internal/service/mocks/mock_UserService.go:48.8,50.3 1 0
github.com/Dokhoyan/avito-pr-test/internal/service/mocks/mock_UserService.go:52.2,52.15 1 0
github.com/Dokhoyan/avito-pr-test/internal/service/mocks/mock_UserService.go:63.126,65.2 1 0
github.com/Dokhoyan/avito-pr-test/internal/service/mocks/mock_UserService.go:67.135,68.40 1 0
github.com/Dokhoyan/avito-pr-test/internal/service/mocks/mock_UserService.go:68.40,70.3 1 0
github.com/Dokhoyan/avito-pr-test/internal/service/mocks/mock_UserService.go:71.2,71.11 1 0
github.com/Dokhoyan/avito-pr-test/internal/service/mocks/mock_UserService.go:74.134,77.2 2 0
github.com/Dokhoyan/avito-pr-test/internal/service/mocks/mock_UserService.go:79.168,82.2 2 0
github.com/Dokhoyan/avito-pr-test/internal/service/mocks/mock_UserService.go:85.117,88.19 2 0
github.com/Dokhoyan/avito-pr-test/internal/service/mocks/mock_UserService.go:88.19,89.58 1 0
github.com/Dokhoyan/avito-pr-test/internal/service/mocks/mock_UserService.go:92.2,94.89 3 0
github.com/Dokhoyan/avito-pr-test/internal/service/mocks/mock_UserService.go:94.89,96.3 1 0
github.com/Dokhoyan/avito-pr-test/internal/service/mocks/mock_UserService.go:97.2,97.80 1 0
github.com/Dokhoyan/avito-pr-test/internal/service/mocks/mock_UserService.go:97.80,99.3 1 0
github.com/Dokhoyan/avito-pr-test/internal/service/mocks/mock_UserService.go:99.8,100.24 1 0
github.com/Dokhoyan/avito-pr-test/internal/service/mocks/mock_UserService.go:100.24,102.4 1 0
github.com/Dokhoyan/avito-pr-test/internal/service/mocks/mock_UserService.go:105.2,105.74 1 0
github.com/Dokhoyan/avito-pr-test/internal/service/mocks/mock_UserService.go:105.74,107.3 1 0
github.com/Dokhoyan/avito-pr-test/internal/service/mocks/mock_UserService.go:107.8,109.3 1 0
github.com/Dokhoyan/avito-pr-test/internal/service/mocks/mock_UserService.go:111.2,111.15 1 0
github.com/Dokhoyan/avito-pr-test/internal/service/mocks/mock_UserService.go:123.152,125.2 1 0
github.com/Dokhoyan/avito-pr-test/internal/service/mocks/mock_UserService.go:127.154,128.40 1 0
github.com/Dokhoyan/avito-pr-test/internal/service/mocks/mock_UserService.go:128.40,130.3 1 0
github.com/Dokhoyan/avito-pr-test/internal/service/mocks/mock_UserService.go:131.2,131.11 1 0
github.com/Dokhoyan/avito-pr-test/internal/service/mocks/mock_UserService.go:134.124,137.2 2 0
github.com/Dokhoyan/avito-pr-test/internal/service/mocks/mock_UserService.go:139.164,142.2 2 0
github.com/Dokhoyan/avito-pr-test/internal/service/mocks/mock_UserService.go:149.21,153.19 3 0
github.com/Dokhoyan/avito-pr-test/internal/service/mocks/mock_UserService.go:153.19,153.49 1 0
github.com/Dokhoyan/avito-pr-test/internal/service/mocks/mock_UserService.go:155.2,155.13 1 0
github.com/Dokhoyan/avito-pr-test/internal/service/stats/get.go:9.68,12.54 2 0
github.com/Dokhoyan/avito-pr-test/internal/service/stats/get.go:12.54,14.17 2 0
github.com/Dokhoyan/avito-pr-test/internal/service/stats/get.go:14.17,16.4 1 0
github.com/Dokhoyan/avito-pr-test/internal/service/stats/get.go:18.3,19.17 2 0
github.com/Dokhoyan/avito-pr-test/internal/service/stats/get.go:19.17,21.4 1 0
github.com/Dokhoyan/avito-pr-test/internal/service/stats/get.go:23.3,24.17 2 0
github.com/Dokhoyan/avito-pr-test/internal/service/stats/get.go:24.17,26.4 1 0
github.com/Dokhoyan/avito-pr-test/internal/service/stats/get.go:28.3,29.17 2 0
github.com/Dokhoyan/avito-pr-test/internal/service/stats/get.go:29.17,31.4 1 0
github.com/Dokhoyan/avito-pr-test/internal/service/stats/get.go:33.3,43.13 2 0
github.com/Dokhoyan/avito-pr-test/internal/service/stats/get.go:45.2,45.16 1 0
github.com/Dokhoyan/avito-pr-test/internal/service/stats/get.go:45.16,47.3 1 0
github.com/Dokhoyan/avito-pr-test/internal/service/stats/get.go:49.2,49.19 1 0
github.com/Dokhoyan/avito-pr-test/internal/service/stats/service.go:14.92,16.2 1 0
github.com/Dokhoyan/avito-pr-test/internal/service/stats/service.go:18.106,23.2 1 0
github.com/Dokhoyan/avito-pr-test/internal/service/team/create.go:12.125,13.20 1 0
github.com/Dokhoyan/avito-pr-test/internal/service/team/create.go:13.20,15.3 1 0
github.com/Dokhoyan/avito-pr-test/internal/service/team/create.go:16.2,16.23 1 0
github.com/Dokhoyan/avito-pr-test/internal/service/team/create.go:16.23,18.3 1 0
github.com/Dokhoyan/avito-pr-test/internal/service/team/create.go:20.2,20.61 1 0
github.com/Dokhoyan/avito-pr-test/internal/service/team/create.go:20.61,22.17 2 0
github.com/Dokhoyan/avito-pr-test/internal/service/team/create.go:22.17,24.4 1 0
github.com/Dokhoyan/avito-pr-test/internal/service/team/create.go:25.3,25.13 1 0
github.com/Dokhoyan/avito-pr-test/internal/service/team/create.go:25.13,27.4 1 0
github.com/Dokhoyan/avito-pr-test/internal/service/team/create.go:29.3,29.62 1 0
github.com/Dokhoyan/avito-pr-test/internal/service/team/create.go:29.62,31.4 1 0
github.com/Dokhoyan/avito-pr-test/internal/service/team/create.go:33.3,33.34 1 0
github.com/Dokhoyan/avito-pr-test/internal/service/team/create.go:33.34,34.52 1 0
github.com/Dokhoyan/avito-pr-test/internal/service/team/create.go:34.52,36.5 1 0
github.com/Dokhoyan/avito-pr-test/internal/service/team/create.go:38.4,38.79 1 0
github.com/Dokhoyan/avito-pr-test/internal/service/team/create.go:38.79,40.5 1 0
github.com/Dokhoyan/avito-pr-test/internal/service/team/create.go:43.3,43.13 1 0
github.com/Dokhoyan/avito-pr-test/internal/service/team/create.go:45.2,45.16 1 0
github.com/Dokhoyan/avito-pr-test/internal/service/team/create.go:45.16,47.3 1 0
github.com/Dokhoyan/avito-pr-test/internal/service/team/create.go:49.2,49.53 1 0
github.com/Dokhoyan/avito-pr-test/internal/service/team/get.go:13.83,14.20 1 0
github.com/Dokhoyan/avito-pr-test/internal/service/team/get.go:14.20,16.3 1 0
github.com/Dokhoyan/avito-pr-test/internal/service/team/get.go:18.2,19.16 2 0
github.com/Dokhoyan/avito-pr-test/internal/service/team/get.go:19.16,20.49 1 0
github.com/Dokhoyan/avito-pr-test/internal/service/team/get.go:20.49,22.4 1 0
github.com/Dokhoyan/avito-pr-test/internal/service/team/get.go:24.3,24.69 1 0
github.com/Dokhoyan/avito-pr-test/internal/service/team/get.go:27.2,27.18 1 0
github.com/Dokhoyan/avito-pr-test/internal/service/team/service.go:15.137,17.2 1 0
github.com/Dokhoyan/avito-pr-test/internal/service/team/service.go:19.151,25.2 1 0
github.com/Dokhoyan/avito-pr-test/internal/service/testutil/trm.go:14.55,19.80 2 0
github.com/Dokhoyan/avito-pr-test/internal/service/testutil/trm.go:19.80,21.4 1 0
github.com/Dokhoyan/avito-pr-test/internal/service/testutil/trm.go:23.2,23.22 1 0
github.com/Dokhoyan/avito-pr-test/internal/service/user/getUserReviews.go:13.102,14.18 1 0
github.com/Dokhoyan/avito-pr-test/internal/service/user/getUserReviews.go:14.18,16.3 1 0
github.com/Dokhoyan/avito-pr-test/internal/service/user/getUserReviews.go:18.2,19.16 2 0
github.com/Dokhoyan/avito-pr-test/internal/service/user/getUserReviews.go:19.16,20.49 1 0
github.com/Dokhoyan/avito-pr-test/internal/service/user/getUserReviews.go:20.49,22.4 1 0
github.com/Dokhoyan/avito-pr-test/internal/service/user/getUserReviews.go:24.3,24.56 1 0
github.com/Dokhoyan/avito-pr-test/internal/service/user/getUserReviews.go:27.2,27.17 1 0
github.com/Dokhoyan/avito-pr-test/internal/service/user/getUserReviews.go:27.17,29.3 1 0
github.com/Dokhoyan/avito-pr-test/internal/service/user/getUserReviews.go:31.2,32.16 2 0
github.com/Dokhoyan/avito-pr-test/internal/service/user/getUserReviews.go:32.16,34.3 1 0
github.com/Dokhoyan/avito-pr-test/internal/service/user/getUserReviews.go:36.2,36.25 1 0
github.com/Dokhoyan/avito-pr-test/internal/service/user/getUserReviews.go:36.25,38.3 1 0
github.com/Dokhoyan/avito-pr-test/internal/service/user/getUserReviews.go:40.2,40.26 1 0
github.com/Dokhoyan/avito-pr-test/internal/service/user/service.go:14.101,16.2 1 0
github.com/Dokhoyan/avito-pr-test/internal/service/user/service.go:18.115,23.2 1 0
github.com/Dokhoyan/avito-pr-test/internal/service/user/setUserStatus.go:13.105,14.18 1 0
github.com/Dokhoyan/avito-pr-test/internal/service/user/setUserStatus.go:14.18,16.3 1 0
github.com/Dokhoyan/avito-pr-test/internal/service/user/setUserStatus.go:17.2,17.61 1 0
github.com/Dokhoyan/avito-pr-test/internal/service/user/setUserStatus.go:17.61,19.17 2 0
github.com/Dokhoyan/avito-pr-test/internal/service/user/setUserStatus.go:19.17,20.50 1 0
github.com/Dokhoyan/avito-pr-test/internal/service/user/setUserStatus.go:20.50,22.5 1 0
github.com/Dokhoyan/avito-pr-test/internal/service/user/setUserStatus.go:24.4,24.62 1 0
github.com/Dokhoyan/avito-pr-test/internal/service/user/setUserStatus.go:27.3,27.13 1 0
github.com/Dokhoyan/avito-pr-test/internal/service/user/setUserStatus.go:29.2,29.16 1 0
github.com/Dokhoyan/avito-pr-test/internal/service/user/setUserStatus.go:29.16,31.3 1 0
github.com/Dokhoyan/avito-pr-test/internal/service/user/setUserStatus.go:32.2,33.16 2 0
github.com/Dokhoyan/avito-pr-test/internal/service/user/setUserStatus.go:33.16,35.3 1 0
github.com/Dokhoyan/avito-pr-test/internal/service/user/setUserStatus.go:37.2,37.18 1 0
github.com/Dokhoyan/avito-pr-test/internal/http-server/handlers/pr/create.go:20.73,21.33 1 0
github.com/Dokhoyan/avito-pr-test/internal/http-server/handlers/pr/create.go:21.33,37.3 5 0
github.com/Dokhoyan/avito-pr-test/internal/http-server/handlers/pr/create.go:39.2,41.61 2 0
github.com/Dokhoyan/avito-pr-test/internal/http-server/handlers/pr/create.go:41.61,58.3 5 0
github.com/Dokhoyan/avito-pr-test/internal/http-server/handlers/pr/create.go:60.2,66.16 3 0
github.com/Dokhoyan/avito-pr-test/internal/http-server/handlers/pr/create.go:66.16,67.10 1 0
github.com/Dokhoyan/avito-pr-test/internal/http-server/handlers/pr/create.go:68.44,81.8 4 0
github.com/Dokhoyan/avito-pr-test/internal/http-server/handlers/pr/create.go:82.48,95.8 4 0
github.com/Dokhoyan/avito-pr-test/internal/http-server/handlers/pr/create.go:96.48,109.8 4 0
github.com/Dokhoyan/avito-pr-test/internal/http-server/handlers/pr/create.go:110.48,123.8 4 0
github.com/Dokhoyan/avito-pr-test/internal/http-server/handlers/pr/create.go:124.11,137.6 4 0
github.com/Dokhoyan/avito-pr-test/internal/http-server/handlers/pr/create.go:140.3,140.9 1 0
github.com/Dokhoyan/avito-pr-test/internal/http-server/handlers/pr/create.go:143.2,147.4 3 0
github.com/Dokhoyan/avito-pr-test/internal/http-server/handlers/pr/merge.go:18.72,19.33 1 0
github.com/Dokhoyan/avito-pr-test/internal/http-server/handlers/pr/merge.go:19.33,35.3 5 0
github.com/Dokhoyan/avito-pr-test/internal/http-server/handlers/pr/merge.go:37.2,39.61 2 0
github.com/Dokhoyan/avito-pr-test/internal/http-server/handlers/pr/merge.go:39.61,56.3 5 0
github.com/Dokhoyan/avito-pr-test/internal/http-server/handlers/pr/merge.go:58.2,62.16 3 0
github.com/Dokhoyan/avito-pr-test/internal/http-server/handlers/pr/merge.go:62.16,63.44 1 0
github.com/Dokhoyan/avito-pr-test/internal/http-server/handlers/pr/merge.go:63.44,78.4 5 0
github.com/Dokhoyan/avito-pr-test/internal/http-server/handlers/pr/merge.go:79.3,93.9 5 0
github.com/Dokhoyan/avito-pr-test/internal/http-server/handlers/pr/merge.go:96.2,100.4 3 0
github.com/Dokhoyan/avito-pr-test/internal/http-server/handlers/pr/reassign.go:19.75,20.33 1 0
github.com/Dokhoyan/avito-pr-test/internal/http-server/handlers/pr/reassign.go:20.33,36.3 5 0
github.com/Dokhoyan/avito-pr-test/internal/http-server/handlers/pr/reassign.go:38.2,40.61 2 0
github.com/Dokhoyan/avito-pr-test/internal/http-server/handlers/pr/reassign.go:40.61,57.3 5 0
github.com/Dokhoyan/avito-pr-test/internal/http-server/handlers/pr/reassign.go:59.2,64.16 3 0
github.com/Dokhoyan/avito-pr-test/internal/http-server/handlers/pr/reassign.go:64.16,65.10 1 0
github.com/Dokhoyan/avito-pr-test/internal/http-server/handlers/pr/reassign.go:66.46,80.6 4 0
github.com/Dokhoyan/avito-pr-test/internal/http-server/handlers/pr/reassign.go:81.48,94.6 4 0
github.com/Dokhoyan/avito-pr-test/internal/http-server/handlers/pr/reassign.go:95.44,109.6 4 0
github.com/Dokhoyan/avito-pr-test/internal/http-server/handlers/pr/reassign.go:110.47,124.6 4 0
github.com/Dokhoyan/avito-pr-test/internal/http-server/handlers/pr/reassign.go:125.47,140.6 4 0
github.com/Dokhoyan/avito-pr-test/internal/http-server/handlers/pr/reassign.go:141.47,155.6 4 0
github.com/Dokhoyan/avito-pr-test/internal/http-server/handlers/pr/reassign.go:156.11,169.6 4 0
github.com/Dokhoyan/avito-pr-test/internal/http-server/handlers/pr/reassign.go:172.3,172.9 1 0
github.com/Dokhoyan/avito-pr-test/internal/http-server/handlers/pr/reassign.go:175.2,180.4 3 0
github.com/Dokhoyan/avito-pr-test/internal/http-server/handlers/pr/service.go:13.61,17.2 1 0
github.com/Dokhoyan/avito-pr-test/internal/http-server/handlers/pr/service.go:19.61,23.2 3 0
github.com/Dokhoyan/avito-pr-test/internal/http-server/handlers/stats/get.go:12.75,13.32 1 0
github.com/Dokhoyan/avito-pr-test/internal/http-server/handlers/stats/get.go:13.32,29.3 5 0
github.com/Dokhoyan/avito-pr-test/internal/http-server/handlers/stats/get.go:31.2,32.16 2 0
github.com/Dokhoyan/avito-pr-test/internal/http-server/handlers/stats/get.go:32.16,46.3 5 0
github.com/Dokhoyan/avito-pr-test/internal/http-server/handlers/stats/get.go:48.2,50.34 3 0
github.com/Dokhoyan/avito-pr-test/internal/http-server/handlers/stats/service.go:13.64,15.2 1 0
github.com/Dokhoyan/avito-pr-test/internal/http-server/handlers/stats/service.go:17.61,19.2 1 0
github.com/Dokhoyan/avito-pr-test/internal/http-server/handlers/team/create.go:19.77,20.33 1 0
github.com/Dokhoyan/avito-pr-test/internal/http-server/handlers/team/create.go:20.33,36.3 5 0
github.com/Dokhoyan/avito-pr-test/internal/http-server/handlers/team/create.go:38.2,40.61 2 0
github.com/Dokhoyan/avito-pr-test/internal/http-server/handlers/team/create.go:40.61,57.3 5 0
github.com/Dokhoyan/avito-pr-test/internal/http-server/handlers/team/create.go:59.2,64.16 3 0
github.com/Dokhoyan/avito-pr-test/internal/http-server/handlers/team/create.go:64.16,65.44 1 0
github.com/Dokhoyan/avito-pr-test/internal/http-server/handlers/team/create.go:65.44,81.4 5 0
github.com/Dokhoyan/avito-pr-test/internal/http-server/handlers/team/create.go:82.3,95.9 5 0
github.com/Dokhoyan/avito-pr-test/internal/http-server/handlers/team/create.go:98.2,102.4 3 0
github.com/Dokhoyan/avito-pr-test/internal/http-server/handlers/team/get.go:18.74,19.32 1 0
github.com/Dokhoyan/avito-pr-test/internal/http-server/handlers/team/get.go:19.32,35.3 5 0
github.com/Dokhoyan/avito-pr-test/internal/http-server/handlers/team/get.go:37.2,40.24 3 0
github.com/Dokhoyan/avito-pr-test/internal/http-server/handlers/team/get.go:40.24,55.3 5 0
github.com/Dokhoyan/avito-pr-test/internal/http-server/handlers/team/get.go:57.2,61.16 3 0
github.com/Dokhoyan/avito-pr-test/internal/http-server/handlers/team/get.go:61.16,62.46 1 0
github.com/Dokhoyan/avito-pr-test/internal/http-server/handlers/team/get.go:62.46,77.4 5 0
github.com/Dokhoyan/avito-pr-test/internal/http-server/handlers/team/get.go:78.3,91.9 5 0
github.com/Dokhoyan/avito-pr-test/internal/http-server/handlers/team/get.go:94.2,96.33 3 0
github.com/Dokhoyan/avito-pr-test/internal/http-server/handlers/team/srevice.go:13.63,17.2 1 0
github.com/Dokhoyan/avito-pr-test/internal/http-server/handlers/team/srevice.go:19.61,22.2 2 0
github.com/Dokhoyan/avito-pr-test/internal/http-server/handlers/pr/create.go:20.73,21.33 1 0
github.com/Dokhoyan/avito-pr-test/internal/http-server/handlers/pr/create.go:21.33,37.3 5 0
github.com/Dokhoyan/avito-pr-test/internal/http-server/handlers/pr/create.go:39.2,41.61 2 0
github.com/Dokhoyan/avito-pr-test/internal/http-server/handlers/pr/create.go:41.61,58.3 5 0
github.com/Dokhoyan/avito-pr-test/internal/http-server/handlers/pr/create.go:60.2,66.16 3 0
github.com/Dokhoyan/avito-pr-test/internal/http-server/handlers/pr/create.go:66.16,67.10 1 0
github.com/Dokhoyan/avito-pr-test/internal/http-server/handlers/pr/create.go:68.44,81.8 4 0
github.com/Dokhoyan/avito-pr-test/internal/http-server/handlers/pr/create.go:82.48,95.8 4 0
github.com/Dokhoyan/avito-pr-test/internal/http-server/handlers/pr/create.go:96.48,109.8 4 0
github.com/Dokhoyan/avito-pr-test/internal/http-server/handlers/pr/create.go:110.48,123.8 4 0
github.com/Dokhoyan/avito-pr-test/internal/http-server/handlers/pr/create.go:124.11,137.6 4 0
github.com/Dokhoyan/avito-pr-test/internal/http-server/handlers/pr/create.go:140.3,140.9 1 0
github.com/Dokhoyan/avito-pr-test/internal/http-server/handlers/pr/create.go:143.2,147.4 3 0
github.com/Dokhoyan/avito-pr-test/internal/http-server/handlers/pr/merge.go:18.72,19.33 1 0
github.com/Dokhoyan/avito-pr-test/internal/http-server/handlers/pr/merge.go:19.33,35.3 5 0
github.com/Dokhoyan/avito-pr-test/internal/http-server/handlers/pr/merge.go:37.2,39.61 2 0
github.com/Dokhoyan/avito-pr-test/internal/http-server/handlers/pr/merge.go:39.61,56.3 5 0
github.com/Dokhoyan/avito-pr-test/internal/http-server/handlers/pr/merge.go:58.2,62.16 3 0
github.com/Dokhoyan/avito-pr-test/internal/http-server/handlers/pr/merge.go:62.16,63.44 1 0
github.com/Dokhoyan/avito-pr-test/internal/http-server/handlers/pr/merge.go:63.44,78.4 5 0
github.com/Dokhoyan/avito-pr-test/internal/http-server/handlers/pr/merge.go:79.3,93.9 5 0
github.com/Dokhoyan/avito-pr-test/internal/http-server/handlers/pr/merge.go:96.2,100.4 3 0
github.com/Dokhoyan/avito-pr-test/internal/http-server/handlers/pr/reassign.go:19.75,20.33 1 0
github.com/Dokhoyan/avito-pr-test/internal/http-server/handlers/pr/reassign.go:20.33,36.3 5 0
github.com/Dokhoyan/avito-pr-test/internal/http-server/handlers/pr/reassign.go:38.2,40.61 2 0
github.com/Dokhoyan/avito-pr-test/internal/http-server/handlers/pr/reassign.go:40.61,57.3 5 0
github.com/Dokhoyan/avito-pr-test/internal/http-server/handlers/pr/reassign.go:59.2,64.16 3 0
github.com/Dokhoyan/avito-pr-test/internal/http-server/handlers/pr/reassign.go:64.16,65.10 1 0
github.com/Dokhoyan/avito-pr-test/internal/http-server/handlers/pr/reassign.go:66.46,80.6 4 0
github.com/Dokhoyan/avito-pr-test/internal/http-server/handlers/pr/reassign.go:81.48,94.6 4 0
github.com/Dokhoyan/avito-pr-test/internal/http-server/handlers/pr/reassign.go:95.44,109.6 4 0
github.com/Dokhoyan/avito-pr-test/internal/http-server/handlers/pr/reassign.go:110.47,124.6 4 0
github.com/Dokhoyan/avito-pr-test/internal/http-server/handlers/pr/reassign.go:125.47,140.6 4 0
github.com/Dokhoyan/avito-pr-test/internal/http-server/handlers/pr/reassign.go:141.47,155.6 4 0
github.com/Dokhoyan/avito-pr-test/internal/http-server/handlers/pr/reassign.go:156.11,169.6 4 0
github.com/Dokhoyan/avito-pr-test/internal/http-server/handlers/pr/reassign.go:172.3,172.9 1 0
github.com/Dokhoyan/avito-pr-test/internal/http-server/handlers/pr/reassign.go:175.2,180.4 3 0
github.com/Dokhoyan/avito-pr-test/internal/http-server/handlers/pr/service.go:13.61,17.2 1 0
github.com/Dokhoyan/avito-pr-test/internal/http-server/handlers/pr/service.go:19.61,23.2 3 0
github.com/Dokhoyan/avito-pr-test/internal/http-server/handlers/stats/get.go:12.75,13.32 1 0
github.com/Dokhoyan/avito-pr-test/internal/http-server/handlers/stats/get.go:13.32,29.3 5 0
github.com/Dokhoyan/avito-pr-test/internal/http-server/handlers/stats/get.go:31.2,32.16 2 0
github.com/Dokhoyan/avito-pr-test/internal/http-server/handlers/stats/get.go:32.16,46.3 5 0
github.com/Dokhoyan/avito-pr-test/internal/http-server/handlers/stats/get.go:48.2,50.34 3 0
github.com/Dokhoyan/avito-pr-test/internal/http-server/handlers/stats/service.go:13.64,15.2 1 0
github.com/Dokhoyan/avito-pr-test/internal/http-server/handlers/stats/service.go:17.61,19.2 1 0
github.com/Dokhoyan/avito-pr-test/internal/http-server/handlers/team/create.go:19.77,20.33 1 0
github.com/Dokhoyan/avito-pr-test/internal/http-server/handlers/team/create.go:20.33,36.3 5 0
github.com/Dokhoyan/avito-pr-test/internal/http-server/handlers/team/create.go:38.2,40.61 2 0
github.com/Dokhoyan/avito-pr-test/internal/http-server/handlers/team/create.go:40.61,57.3 5 0
github.com/Dokhoyan/avito-pr-test/internal/http-server/handlers/team/create.go:59.2,64.16 3 0
github.com/Dokhoyan/avito-pr-test/internal/http-server/handlers/team/create.go:64.16,65.44 1 0
github.com/Dokhoyan/avito-pr-test/internal/http-server/handlers/team/create.go:65.44,81.4 5 0
github.com/Dokhoyan/avito-pr-test/internal/http-server/handlers/team/create.go:82.3,95.9 5 0
github.com/Dokhoyan/avito-pr-test/internal/http-server/handlers/team/create.go:98.2,102.4 3 0
github.com/Dokhoyan/avito-pr-test/internal/http-server/handlers/team/get.go:18.74,19.32 1 0
github.com/Dokhoyan/avito-pr-test/internal/http-server/handlers/team/get.go:19.32,35.3 5 0
github.com/Dokhoyan/avito-pr-test/internal/http-server/handlers/team/get.go:37.2,40.24 3 0
github.com/Dokhoyan/avito-pr-test/internal/http-server/handlers/team/get.go:40.24,55.3 5 0
github.com/Dokhoyan/avito-pr-test/internal/http-server/handlers/team/get.go:57.2,61.16 3 0
github.com/Dokhoyan/avito-pr-test/internal/http-server/handlers/team/get.go:61.16,62.46 1 0
github.com/Dokhoyan/avito-pr-test/internal/http-server/handlers/team/get.go:62.46,77.4 5 0
github.com/Dokhoyan/avito-pr-test/internal/http-server/handlers/team/get.go:78.3,91.9 5 0
github.com/Dokhoyan/avito-pr-test/internal/http-server/handlers/team/get.go:94.2,96.33 3 0
github.com/Dokhoyan/avito-pr-test/internal/http-server/handlers/team/srevice.go:13.63,17.2 1 0
github.com/Dokhoyan/avito-pr-test/internal/http-server/handlers/team/srevice.go:19.61,22.2 2 0
github.com/Dokhoyan/avito-pr-test/internal/http-server/handlers/testutil/logger.go:12.23,19.2 2 0
github.com/Dokhoyan/avito-pr-test/internal/http-server/handlers/user/getUserReviews.go:18.76,19.32 1 0
github.com/Dokhoyan/avito-pr-test/internal/http-server/handlers/user/getUserReviews.go:19.32,35.3 5 0
github.com/Dokhoyan/avito-pr-test/internal/http-server/handlers/user/getUserReviews.go:37.2,40.22 3 0
github.com/Dokhoyan/avito-pr-test/internal/http-server/handlers/user/getUserReviews.go:40.22,55.3 5 0
github.com/Dokhoyan/avito-pr-test/internal/http-server/handlers/user/getUserReviews.go:57.2,61.16 3 0
github.com/Dokhoyan/avito-pr-test/internal/http-server/handlers/user/getUserReviews.go:61.16,62.46 1 0
github.com/Dokhoyan/avito-pr-test/internal/http-server/handlers/user/getUserReviews.go:62.46,77.4 5 0
github.com/Dokhoyan/avito-pr-test/internal/http-server/handlers/user/getUserReviews.go:78.3,91.9 5 0
github.com/Dokhoyan/avito-pr-test/internal/http-server/handlers/user/getUserReviews.go:94.2,99.4 3 0
github.com/Dokhoyan/avito-pr-test/internal/http-server/handlers/user/service.go:13.63,17.2 1 0
github.com/Dokhoyan/avito-pr-test/internal/http-server/handlers/user/service.go:19.61,22.2 2 0
github.com/Dokhoyan/avito-pr-test/internal/http-server/handlers/user/setUserStatus.go:19.80,20.33 1 0
github.com/Dokhoyan/avito-pr-test/internal/http-server/handlers/user/setUserStatus.go:20.33,36.3 5 0
github.com/Dokhoyan/avito-pr-test/internal/http-server/handlers/user/setUserStatus.go:38.2,40.61 2 0
github.com/Dokhoyan/avito-pr-test/internal/http-server/handlers/user/setUserStatus.go:40.61,57.3 5 0
github.com/Dokhoyan/avito-pr-test/internal/http-server/handlers/user/setUserStatus.go:59.2,64.16 3 0
github.com/Dokhoyan/avito-pr-test/internal/http-server/handlers/user/setUserStatus.go:64.16,65.46 1 0
github.com/Dokhoyan/avito-pr-test/internal/http-server/handlers/user/setUserStatus.go:65.46,81.4 5 0
github.com/Dokhoyan/avito-pr-test/internal/http-server/handlers/user/setUserStatus.go:82.3,95.9 5 0
github.com/Dokhoyan/avito-pr-test/internal/http-server/handlers/user/setUserStatus.go:98.2,102.4 3 0
github.com/Dokhoyan/avito-pr-test/internal/service/trm.go:20.92,22.2 1 0
github.com/Dokhoyan/avito-pr-test/internal/service/trm.go:25.54,27.2 1 0
github.com/Dokhoyan/avito-pr-test/internal/service/mocks/mock_PRService.go:21.59,23.2 1 0
github.com/Dokhoyan/avito-pr-test/internal/service/mocks/mock_PRService.go:26.129,29.19 2 0
github.com/Dokhoyan/avito-pr-test/internal/service/mocks/mock_PRService.go:29.19,30.50 1 0
github.com/Dokhoyan/avito-pr-test/internal/service/mocks/mock_PRService.go:33.2,35.106 3 0
github.com/Dokhoyan/avito-pr-test/internal/service/mocks/mock_PRService.go:35.106,37.3 1 0
github.com/Dokhoyan/avito-pr-test/internal/service/mocks/mock_PRService.go:38.2,38.97 1 0
github.com/Dokhoyan/avito-pr-test/internal/service/mocks/mock_PRService.go:38.97,40.3 1 0
github.com/Dokhoyan/avito-pr-test/internal/service/mocks/mock_PRService.go:40.8,41.24 1 0
github.com/Dokhoyan/avito-pr-test/internal/service/mocks/mock_PRService.go:41.24,43.4 1 0
github.com/Dokhoyan/avito-pr-test/internal/service/mocks/mock_PRService.go:46.2,46.84 1 0
github.com/Dokhoyan/avito-pr-test/internal/service/mocks/mock_PRService.go:46.84,48.3 1 0
github.com/Dokhoyan/avito-pr-test/internal/service/mocks/mock_PRService.go:48.8,50.3 1 0
github.com/Dokhoyan/avito-pr-test/internal/service/mocks/mock_PRService.go:52.2,52.15 1 0
github.com/Dokhoyan/avito-pr-test/internal/service/mocks/mock_PRService.go:65.150,67.2 1 0
github.com/Dokhoyan/avito-pr-test/internal/service/mocks/mock_PRService.go:69.149,70.40 1 0
github.com/Dokhoyan/avito-pr-test/internal/service/mocks/mock_PRService.go:70.40,72.3 1 0
github.com/Dokhoyan/avito-pr-test/internal/service/mocks/mock_PRService.go:73.2,73.11 1 0
github.com/Dokhoyan/avito-pr-test/internal/service/mocks/mock_PRService.go:76.111,79.2 2 0
github.com/Dokhoyan/avito-pr-test/internal/service/mocks/mock_PRService.go:81.161,84.2 2 0
github.com/Dokhoyan/avito-pr-test/internal/service/mocks/mock_PRService.go:87.96,90.19 2 0
github.com/Dokhoyan/avito-pr-test/internal/service/mocks/mock_PRService.go:90.19,91.49 1 0
github.com/Dokhoyan/avito-pr-test/internal/service/mocks/mock_PRService.go:94.2,96.90 3 0
github.com/Dokhoyan/avito-pr-test/internal/service/mocks/mock_PRService.go:96.90,98.3 1 0
github.com/Dokhoyan/avito-pr-test/internal/service/mocks/mock_PRService.go:99.2,99.81 1 0
github.com/Dokhoyan/avito-pr-test/internal/service/mocks/mock_PRService.go:99.81,101.3 1 0
github.com/Dokhoyan/avito-pr-test/internal/service/mocks/mock_PRService.go:101.8,102.24 1 0
github.com/Dokhoyan/avito-pr-test/internal/service/mocks/mock_PRService.go:102.24,104.4 1 0
github.com/Dokhoyan/avito-pr-test/internal/service/mocks/mock_PRService.go:107.2,107.68 1 0
github.com/Dokhoyan/avito-pr-test/internal/service/mocks/mock_PRService.go:107.68,109.3 1 0
github.com/Dokhoyan/avito-pr-test/internal/service/mocks/mock_PRService.go:109.8,111.3 1 0
github.com/Dokhoyan/avito-pr-test/internal/service/mocks/mock_PRService.go:113.2,113.15 1 0
github.com/Dokhoyan/avito-pr-test/internal/service/mocks/mock_PRService.go:124.106,126.2 1 0
github.com/Dokhoyan/avito-pr-test/internal/service/mocks/mock_PRService.go:128.115,129.40 1 0
github.com/Dokhoyan/avito-pr-test/internal/service/mocks/mock_PRService.go:129.40,131.3 1 0
github.com/Dokhoyan/avito-pr-test/internal/service/mocks/mock_PRService.go:132.2,132.11 1 0
github.com/Dokhoyan/avito-pr-test/internal/service/mocks/mock_PRService.go:135.109,138.2 2 0
github.com/Dokhoyan/avito-pr-test/internal/service/mocks/mock_PRService.go:140.143,143.2 2 0
github.com/Dokhoyan/avito-pr-test/internal/service/mocks/mock_PRService.go:146.140,149.19 2 0
github.com/Dokhoyan/avito-pr-test/internal/service/mocks/mock_PRService.go:149.19,150.58 1 0
github.com/Dokhoyan/avito-pr-test/internal/service/mocks/mock_PRService.go:153.2,156.106 4 0
github.com/Dokhoyan/avito-pr-test/internal/service/mocks/mock_PRService.go:156.106,158.3 1 0
github.com/Dokhoyan/avito-pr-test/internal/service/mocks/mock_PRService.go:159.2,159.89 1 0
github.com/Dokhoyan/avito-pr-test/internal/service/mocks/mock_PRService.go:159.89,161.3 1 0
github.com/Dokhoyan/avito-pr-test/internal/service/mocks/mock_PRService.go:161.8,162.24 1 0
github.com/Dokhoyan/avito-pr-test/internal/service/mocks/mock_PRService.go:162.24,164.4 1 0
github.com/Dokhoyan/avito-pr-test/internal/service/mocks/mock_PRService.go:167.2,167.77 1 0
github.com/Dokhoyan/avito-pr-test/internal/service/mocks/mock_PRService.go:167.77,169.3 1 0
github.com/Dokhoyan/avito-pr-test/internal/service/mocks/mock_PRService.go:169.8,171.3 1 0
github.com/Dokhoyan/avito-pr-test/internal/service/mocks/mock_PRService.go:173.2,173.76 1 0
github.com/Dokhoyan/avito-pr-test/internal/service/mocks/mock_PRService.go:173.76,175.3 1 0
github.com/Dokhoyan/avito-pr-test/internal/service/mocks/mock_PRService.go:175.8,177.3 1 0
github.com/Dokhoyan/avito-pr-test/internal/service/mocks/mock_PRService.go:179.2,179.19 1 0
github.com/Dokhoyan/avito-pr-test/internal/service/mocks/mock_PRService.go:191.156,193.2 1 0
github.com/Dokhoyan/avito-pr-test/internal/service/mocks/mock_PRService.go:195.160,196.40 1 0
github.com/Dokhoyan/avito-pr-test/internal/service/mocks/mock_PRService.go:196.40,198.3 1 0
github.com/Dokhoyan/avito-pr-test/internal/service/mocks/mock_PRService.go:199.2,199.11 1 0
github.com/Dokhoyan/avito-pr-test/internal/service/mocks/mock_PRService.go:202.139,205.2 2 0
github.com/Dokhoyan/avito-pr-test/internal/service/mocks/mock_PRService.go:207.177,210.2 2 0
github.com/Dokhoyan/avito-pr-test/internal/service/mocks/mock_PRService.go:217.19,221.19 3 0
github.com/Dokhoyan/avito-pr-test/internal/service/mocks/mock_PRService.go:221.19,221.49 1 0
github.com/Dokhoyan/avito-pr-test/internal/service/mocks/mock_PRService.go:223.2,223.13 1 0
github.com/Dokhoyan/avito-pr-test/internal/service/mocks/mock_StatsService.go:21.65,23.2 1 0
github.com/Dokhoyan/avito-pr-test/internal/service/mocks/mock_StatsService.go:26.81,29.19 2 0
github.com/Dokhoyan/avito-pr-test/internal/service/mocks/mock_StatsService.go:29.19,30.50 1 0
github.com/Dokhoyan/avito-pr-test/internal/service/mocks/mock_StatsService.go:33.2,35.76 3 0
github.com/Dokhoyan/avito-pr-test/internal/service/mocks/mock_StatsService.go:35.76,37.3 1 0
github.com/Dokhoyan/avito-pr-test/internal/service/mocks/mock_StatsService.go:38.2,38.67 1 0
github.com/Dokhoyan/avito-pr-test/internal/service/mocks/mock_StatsService.go:38.67,40.3 1 0
github.com/Dokhoyan/avito-pr-test/internal/service/mocks/mock_StatsService.go:40.8,41.24 1 0
github.com/Dokhoyan/avito-pr-test/internal/service/mocks/mock_StatsService.go:41.24,43.4 1 0
github.com/Dokhoyan/avito-pr-test/internal/service/mocks/mock_StatsService.go:46.2,46.60 1 0
github.com/Dokhoyan/avito-pr-test/internal/service/mocks/mock_StatsService.go:46.60,48.3 1 0
github.com/Dokhoyan/avito-pr-test/internal/service/mocks/mock_StatsService.go:48.8,50.3 1 0
github.com/Dokhoyan/avito-pr-test/internal/service/mocks/mock_StatsService.go:52.2,52.15 1 0
github.com/Dokhoyan/avito-pr-test/internal/service/mocks/mock_StatsService.go:62.96,64.2 1 0
github.com/Dokhoyan/avito-pr-test/internal/service/mocks/mock_StatsService.go:66.110,67.40 1 0
github.com/Dokhoyan/avito-pr-test/internal/service/mocks/mock_StatsService.go:67.40,69.3 1 0
github.com/Dokhoyan/avito-pr-test/internal/service/mocks/mock_StatsService.go:70.2,70.11 1 0
github.com/Dokhoyan/avito-pr-test/internal/service/mocks/mock_StatsService.go:73.111,76.2 2 0
github.com/Dokhoyan/avito-pr-test/internal/service/mocks/mock_StatsService.go:78.137,81.2 2 0
github.com/Dokhoyan/avito-pr-test/internal/service/mocks/mock_StatsService.go:88.22,92.19 3 0
github.com/Dokhoyan/avito-pr-test/internal/service/mocks/mock_StatsService.go:92.19,92.49 1 0
github.com/Dokhoyan/avito-pr-test/internal/service/mocks/mock_StatsService.go:94.2,94.13 1 0
github.com/Dokhoyan/avito-pr-test/internal/service/mocks/mock_TeamService.go:21.63,23.2 1 0
github.com/Dokhoyan/avito-pr-test/internal/service/mocks/mock_TeamService.go:26.137,29.19 2 0
github.com/Dokhoyan/avito-pr-test/internal/service/mocks/mock_TeamService.go:29.19,30.63 1 0
github.com/Dokhoyan/avito-pr-test/internal/service/mocks/mock_TeamService.go:33.2,35.103 3 0
github.com/Dokhoyan/avito-pr-test/internal/service/mocks/mock_TeamService.go:35.103,37.3 1 0
github.com/Dokhoyan/avito-pr-test/internal/service/mocks/mock_TeamService.go:38.2,38.94 1 0
github.com/Dokhoyan/avito-pr-test/internal/service/mocks/mock_TeamService.go:38.94,40.3 1 0
github.com/Dokhoyan/avito-pr-test/internal/service/mocks/mock_TeamService.go:40.8,41.24 1 0
github.com/Dokhoyan/avito-pr-test/internal/service/mocks/mock_TeamService.go:41.24,43.4 1 0
github.com/Dokhoyan/avito-pr-test/internal/service/mocks/mock_TeamService.go:46.2,46.88 1 0
github.com/Dokhoyan/avito-pr-test/internal/service/mocks/mock_TeamService.go:46.88,48.3 1 0
github.com/Dokhoyan/avito-pr-test/internal/service/mocks/mock_TeamService.go:48.8,50.3 1 0
github.com/Dokhoyan/avito-pr-test/internal/service/mocks/mock_TeamService.go:52.2,52.15 1 0
github.com/Dokhoyan/avito-pr-test/internal/service/mocks/mock_TeamService.go:64.163,66.2 1 0
github.com/Dokhoyan/avito-pr-test/internal/service/mocks/mock_TeamService.go:68.179,69.40 1 0
github.com/Dokhoyan/avito-pr-test/internal/service/mocks/mock_TeamService.go:69.40,71.3 1 0
github.com/Dokhoyan/avito-pr-test/internal/service/mocks/mock_TeamService.go:72.2,72.11 1 0
github.com/Dokhoyan/avito-pr-test/internal/service/mocks/mock_TeamService.go:75.134,78.2 2 0
github.com/Dokhoyan/avito-pr-test/internal/service/mocks/mock_TeamService.go:80.188,83.2 2 0
github.com/Dokhoyan/avito-pr-test/internal/service/mocks/mock_TeamService.go:86.95,89.19 2 0
github.com/Dokhoyan/avito-pr-test/internal/service/mocks/mock_TeamService.go:89.19,90.49 1 0
github.com/Dokhoyan/avito-pr-test/internal/service/mocks/mock_TeamService.go:93.2,95.83 3 0
github.com/Dokhoyan/avito-pr-test/internal/service/mocks/mock_TeamService.go:95.83,97.3 1 0
github.com/Dokhoyan/avito-pr-test/internal/service/mocks/mock_TeamService.go:98.2,98.74 1 0
github.com/Dokhoyan/avito-pr-test/internal/service/mocks/mock_TeamService.go:98.74,100.3 1 0
github.com/Dokhoyan/avito-pr-test/internal/service/mocks/mock_TeamService.go:100.8,101.24 1 0
github.com/Dokhoyan/avito-pr-test/internal/service/mocks/mock_TeamService.go:101.24,103.4 1 0
github.com/Dokhoyan/avito-pr-test/internal/service/mocks/mock_TeamService.go:106.2,106.68 1 0
github.com/Dokhoyan/avito-pr-test/internal/service/mocks/mock_TeamService.go:106.68,108.3 1 0
github.com/Dokhoyan/avito-pr-test/internal/service/mocks/mock_TeamService.go:108.8,110.3 1 0
github.com/Dokhoyan/avito-pr-test/internal/service/mocks/mock_TeamService.go:112.2,112.15 1 0
github.com/Dokhoyan/avito-pr-test/internal/service/mocks/mock_TeamService.go:123.114,125.2 1 0
github.com/Dokhoyan/avito-pr-test/internal/service/mocks/mock_TeamService.go:127.123,128.40 1 0
github.com/Dokhoyan/avito-pr-test/internal/service/mocks/mock_TeamService.go:128.40,130.3 1 0
github.com/Dokhoyan/avito-pr-test/internal/service/mocks/mock_TeamService.go:131.2,131.11 1 0
github.com/Dokhoyan/avito-pr-test/internal/service/mocks/mock_TeamService.go:134.106,137.2 2 0
github.com/Dokhoyan/avito-pr-test/internal/service/mocks/mock_TeamService.go:139.140,142.2 2 0
github.com/Dokhoyan/avito-pr-test/internal/service/mocks/mock_TeamService.go:149.21,153.19 3 0
github.com/Dokhoyan/avito-pr-test/internal/service/mocks/mock_TeamService.go:153.19,153.49 1 0
github.com/Dokhoyan/avito-pr-test/internal/service/mocks/mock_TeamService.go:155.2,155.13 1 0
github.com/Dokhoyan/avito-pr-test/internal/service/mocks/mock_TrManager.go:20.59,22.2 1 5
github.com/Dokhoyan/avito-pr-test/internal/service/mocks/mock_TrManager.go:25.88,28.19 2 5
github.com/Dokhoyan/avito-pr-test/internal/service/mocks/mock_TrManager.go:28.19,29.44 1 0
github.com/Dokhoyan/avito-pr-test/internal/service/mocks/mock_TrManager.go:32.2,33.89 2 5
github.com/Dokhoyan/avito-pr-test/internal/service/mocks/mock_TrManager.go:33.89,35.3 1 5
github.com/Dokhoyan/avito-pr-test/internal/service/mocks/mock_TrManager.go:35.8,37.3 1 0
github.com/Dokhoyan/avito-pr-test/internal/service/mocks/mock_TrManager.go:39.2,39.11 1 5
github.com/Dokhoyan/avito-pr-test/internal/service/mocks/mock_TrManager.go:50.94,52.2 1 5
github.com/Dokhoyan/avito-pr-test/internal/service/mocks/mock_TrManager.go:54.124,55.40 1 0
github.com/Dokhoyan/avito-pr-test/internal/service/mocks/mock_TrManager.go:55.40,57.3 1 0
github.com/Dokhoyan/avito-pr-test/internal/service/mocks/mock_TrManager.go:58.2,58.11 1 0
github.com/Dokhoyan/avito-pr-test/internal/service/mocks/mock_TrManager.go:61.75,64.2 2 0
github.com/Dokhoyan/avito-pr-test/internal/service/mocks/mock_TrManager.go:66.132,69.2 2 5
github.com/Dokhoyan/avito-pr-test/internal/service/mocks/mock_TrManager.go:76.19,80.19 3 5
github.com/Dokhoyan/avito-pr-test/internal/service/mocks/mock_TrManager.go:80.19,80.49 1 5
github.com/Dokhoyan/avito-pr-test/internal/service/mocks/mock_TrManager.go:82.2,82.13 1 5
github.com/Dokhoyan/avito-pr-test/internal/service/mocks/mock_UserService.go:21.63,23.2 1 0
github.com/Dokhoyan/avito-pr-test/internal/service/mocks/mock_UserService.go:26.114,29.19 2 0
github.com/Dokhoyan/avito-pr-test/internal/service/mocks/mock_UserService.go:29.19,30.56 1 0
github.com/Dokhoyan/avito-pr-test/internal/service/mocks/mock_UserService.go:33.2,35.97 3 0
github.com/Dokhoyan/avito-pr-test/internal/service/mocks/mock_UserService.go:35.97,37.3 1 0
github.com/Dokhoyan/avito-pr-test/internal/service/mocks/mock_UserService.go:38.2,38.88 1 0
github.com/Dokhoyan/avito-pr-test/internal/service/mocks/mock_UserService.go:38.88,40.3 1 0
github.com/Dokhoyan/avito-pr-test/internal/service/mocks/mock_UserService.go:40.8,41.24 1 0
github.com/Dokhoyan/avito-pr-test/internal/service/mocks/mock_UserService.go:41.24,43.4 1 0
github.com/Dokhoyan/avito-pr-test/internal/service/mocks/mock_UserService.go:46.2,46.68 1 0
github.com/Dokhoyan/avito-pr-test/internal/service/mocks/mock_UserService.go:46.68,48.3 1 0
github.com/Dokhoyan/avito-pr-test/internal/service/mocks/mock_UserService.go:48.8,50.3 1 0
github.com/Dokhoyan/avito-pr-test/internal/service/mocks/mock_UserService.go:52.2,52.15 1 0
github.com/Dokhoyan/avito-pr-test/internal/service/mocks/mock_UserService.go:63.126,65.2 1 0
github.com/Dokhoyan/avito-pr-test/internal/service/mocks/mock_UserService.go:67.135,68.40 1 0
github.com/Dokhoyan/avito-pr-test/internal/service/mocks/mock_UserService.go:68.40,70.3 1 0
github.com/Dokhoyan/avito-pr-test/internal/service/mocks/mock_UserService.go:71.2,71.11 1 0
github.com/Dokhoyan/avito-pr-test/internal/service/mocks/mock_UserService.go:74.134,77.2 2 0
github.com/Dokhoyan/avito-pr-test/internal/service/mocks/mock_UserService.go:79.168,82.2 2 0
github.com/Dokhoyan/avito-pr-test/internal/service/mocks/mock_UserService.go:85.117,88.19 2 0
github.com/Dokhoyan/avito-pr-test/internal/service/mocks/mock_UserService.go:88.19,89.58 1 0
github.com/Dokhoyan/avito-pr-test/internal/service/mocks/mock_UserService.go:92.2,94.89 3 0
github.com/Dokhoyan/avito-pr-test/internal/service/mocks/mock_UserService.go:94.89,96.3 1 0
github.com/Dokhoyan/avito-pr-test/internal/service/mocks/mock_UserService.go:97.2,97.80 1 0
github.com/Dokhoyan/avito-pr-test/internal/service/mocks/mock_UserService.go:97.80,99.3 1 0
github.com/Dokhoyan/avito-pr-test/internal/service/mocks/mock_UserService.go:99.8,100.24 1 0
github.com/Dokhoyan/avito-pr-test/internal/service/mocks/mock_UserService.go:100.24,102.4 1 0
github.com/Dokhoyan/avito-pr-test/internal/service/mocks/mock_UserService.go:105.2,105.74 1 0
github.com/Dokhoyan/avito-pr-test/internal/service/mocks/mock_UserService.go:105.74,107.3 1 0
github.com/Dokhoyan/avito-pr-test/internal/service/mocks/mock_UserService.go:107.8,109.3 1 0
github.com/Dokhoyan/avito-pr-test/internal/service/mocks/mock_UserService.go:111.2,111.15 1 0
github.com/Dokhoyan/avito-pr-test/internal/service/mocks/mock_UserService.go:123.152,125.2 1 0
github.com/Dokhoyan/avito-pr-test/internal/service/mocks/mock_UserService.go:127.154,128.40 1 0
github.com/Dokhoyan/avito-pr-test/internal/service/mocks/mock_UserService.go:128.40,130.3 1 0
github.com/Dokhoyan/avito-pr-test/internal/service/mocks/mock_UserService.go:131.2,131.11 1 0
github.com/Dokhoyan/avito-pr-test/internal/service/mocks/mock_UserService.go:134.124,137.2 2 0
github.com/Dokhoyan/avito-pr-test/internal/service/mocks/mock_UserService.go:139.164,142.2 2 0
github.com/Dokhoyan/avito-pr-test/internal/service/mocks/mock_UserService.go:149.21,153.19 3 0
github.com/Dokhoyan/avito-pr-test/internal/service/mocks/mock_UserService.go:153.19,153.49 1 0
github.com/Dokhoyan/avito-pr-test/internal/service/mocks/mock_UserService.go:155.2,155.13 1 0
github.com/Dokhoyan/avito-pr-test/internal/service/pr/create.go:15.105,16.50 1 0
github.com/Dokhoyan/avito-pr-test/internal/service/pr/create.go:16.50,18.3 1 0
github.com/Dokhoyan/avito-pr-test/internal/service/pr/create.go:19.2,19.61 1 0
github.com/Dokhoyan/avito-pr-test/internal/service/pr/create.go:19.61,21.17 2 0
github.com/Dokhoyan/avito-pr-test/internal/service/pr/create.go:21.17,23.4 1 0
github.com/Dokhoyan/avito-pr-test/internal/service/pr/create.go:24.3,24.13 1 0
github.com/Dokhoyan/avito-pr-test/internal/service/pr/create.go:24.13,26.4 1 0
github.com/Dokhoyan/avito-pr-test/internal/service/pr/create.go:27.3,28.17 2 0
github.com/Dokhoyan/avito-pr-test/internal/service/pr/create.go:28.17,29.50 1 0
github.com/Dokhoyan/avito-pr-test/internal/service/pr/create.go:29.50,31.5 1 0
github.com/Dokhoyan/avito-pr-test/internal/service/pr/create.go:33.4,33.54 1 0
github.com/Dokhoyan/avito-pr-test/internal/service/pr/create.go:35.3,35.18 1 0
github.com/Dokhoyan/avito-pr-test/internal/service/pr/create.go:35.18,37.4 1 0
github.com/Dokhoyan/avito-pr-test/internal/service/pr/create.go:38.3,38.21 1 0
github.com/Dokhoyan/avito-pr-test/internal/service/pr/create.go:38.21,40.4 1 0
github.com/Dokhoyan/avito-pr-test/internal/service/pr/create.go:41.3,42.17 2 0
github.com/Dokhoyan/avito-pr-test/internal/service/pr/create.go:42.17,44.4 1 0
github.com/Dokhoyan/avito-pr-test/internal/service/pr/create.go:45.3,45.18 1 0
github.com/Dokhoyan/avito-pr-test/internal/service/pr/create.go:45.18,47.4 1 0
github.com/Dokhoyan/avito-pr-test/internal/service/pr/create.go:49.3,55.64 2 0
github.com/Dokhoyan/avito-pr-test/internal/service/pr/create.go:55.64,57.4 1 0
github.com/Dokhoyan/avito-pr-test/internal/service/pr/create.go:58.3,59.60 2 0
github.com/Dokhoyan/avito-pr-test/internal/service/pr/create.go:59.60,61.4 1 0
github.com/Dokhoyan/avito-pr-test/internal/service/pr/create.go:62.3,62.40 1 0
github.com/Dokhoyan/avito-pr-test/internal/service/pr/create.go:62.40,63.73 1 0
github.com/Dokhoyan/avito-pr-test/internal/service/pr/create.go:63.73,65.5 1 0
github.com/Dokhoyan/avito-pr-test/internal/service/pr/create.go:68.3,68.13 1 0
github.com/Dokhoyan/avito-pr-test/internal/service/pr/create.go:70.2,70.16 1 0
github.com/Dokhoyan/avito-pr-test/internal/service/pr/create.go:70.16,72.3 1 0
github.com/Dokhoyan/avito-pr-test/internal/service/pr/create.go:73.2,74.16 2 0
github.com/Dokhoyan/avito-pr-test/internal/service/pr/create.go:74.16,75.47 1 0
github.com/Dokhoyan/avito-pr-test/internal/service/pr/create.go:75.47,77.4 1 0
github.com/Dokhoyan/avito-pr-test/internal/service/pr/create.go:79.3,79.54 1 0
github.com/Dokhoyan/avito-pr-test/internal/service/pr/create.go:82.2,82.16 1 0
github.com/Dokhoyan/avito-pr-test/internal/service/pr/create.go:85.95,87.16 2 0
github.com/Dokhoyan/avito-pr-test/internal/service/pr/create.go:87.16,89.3 1 0
github.com/Dokhoyan/avito-pr-test/internal/service/pr/create.go:91.2,91.26 1 0
github.com/Dokhoyan/avito-pr-test/internal/service/pr/create.go:91.26,93.3 1 0
github.com/Dokhoyan/avito-pr-test/internal/service/pr/create.go:94.2,94.43 1 0
github.com/Dokhoyan/avito-pr-test/internal/service/pr/create.go:94.43,96.17 2 0
github.com/Dokhoyan/avito-pr-test/internal/service/pr/create.go:96.17,98.4 1 0
github.com/Dokhoyan/avito-pr-test/internal/service/pr/create.go:99.3,100.62 2 0
github.com/Dokhoyan/avito-pr-test/internal/service/pr/create.go:103.2,106.36 3 0
github.com/Dokhoyan/avito-pr-test/internal/service/pr/create.go:106.36,108.3 1 0
github.com/Dokhoyan/avito-pr-test/internal/service/pr/create.go:110.2,110.25 1 0
github.com/Dokhoyan/avito-pr-test/internal/service/pr/merge.go:14.86,15.16 1 0
github.com/Dokhoyan/avito-pr-test/internal/service/pr/merge.go:15.16,17.3 1 0
github.com/Dokhoyan/avito-pr-test/internal/service/pr/merge.go:18.2,18.61 1 0
github.com/Dokhoyan/avito-pr-test/internal/service/pr/merge.go:18.61,20.17 2 0
github.com/Dokhoyan/avito-pr-test/internal/service/pr/merge.go:20.17,21.48 1 0
github.com/Dokhoyan/avito-pr-test/internal/service/pr/merge.go:21.48,23.5 1 0
github.com/Dokhoyan/avito-pr-test/internal/service/pr/merge.go:25.4,25.50 1 0
github.com/Dokhoyan/avito-pr-test/internal/service/pr/merge.go:27.3,27.16 1 0
github.com/Dokhoyan/avito-pr-test/internal/service/pr/merge.go:27.16,29.4 1 0
github.com/Dokhoyan/avito-pr-test/internal/service/pr/merge.go:30.3,30.40 1 0
github.com/Dokhoyan/avito-pr-test/internal/service/pr/merge.go:30.40,32.4 1 0
github.com/Dokhoyan/avito-pr-test/internal/service/pr/merge.go:33.3,34.17 2 0
github.com/Dokhoyan/avito-pr-test/internal/service/pr/merge.go:34.17,36.4 1 0
github.com/Dokhoyan/avito-pr-test/internal/service/pr/merge.go:38.3,38.13 1 0
github.com/Dokhoyan/avito-pr-test/internal/service/pr/merge.go:40.2,40.16 1 0
github.com/Dokhoyan/avito-pr-test/internal/service/pr/merge.go:40.16,42.3 1 0
github.com/Dokhoyan/avito-pr-test/internal/service/pr/merge.go:44.2,45.16 2 0
github.com/Dokhoyan/avito-pr-test/internal/service/pr/merge.go:45.16,47.3 1 0
github.com/Dokhoyan/avito-pr-test/internal/service/pr/merge.go:49.2,49.16 1 0
github.com/Dokhoyan/avito-pr-test/internal/service/pr/reassign.go:15.123,16.44 1 0
github.com/Dokhoyan/avito-pr-test/internal/service/pr/reassign.go:16.44,18.3 1 0
github.com/Dokhoyan/avito-pr-test/internal/service/pr/reassign.go:19.2,21.61 3 0
github.com/Dokhoyan/avito-pr-test/internal/service/pr/reassign.go:21.61,23.17 2 0
github.com/Dokhoyan/avito-pr-test/internal/service/pr/reassign.go:23.17,25.4 1 0
github.com/Dokhoyan/avito-pr-test/internal/service/pr/reassign.go:26.3,26.16 1 0
github.com/Dokhoyan/avito-pr-test/internal/service/pr/reassign.go:26.16,28.4 1 0
github.com/Dokhoyan/avito-pr-test/internal/service/pr/reassign.go:29.3,29.40 1 0
github.com/Dokhoyan/avito-pr-test/internal/service/pr/reassign.go:29.40,31.4 1 0
github.com/Dokhoyan/avito-pr-test/internal/service/pr/reassign.go:33.3,34.49 2 0
github.com/Dokhoyan/avito-pr-test/internal/service/pr/reassign.go:34.49,35.29 1 0
github.com/Dokhoyan/avito-pr-test/internal/service/pr/reassign.go:35.29,38.10 2 0
github.com/Dokhoyan/avito-pr-test/internal/service/pr/reassign.go:41.3,41.18 1 0
github.com/Dokhoyan/avito-pr-test/internal/service/pr/reassign.go:41.18,43.4 1 0
github.com/Dokhoyan/avito-pr-test/internal/service/pr/reassign.go:45.3,46.17 2 0
github.com/Dokhoyan/avito-pr-test/internal/service/pr/reassign.go:46.17,47.50 1 0
github.com/Dokhoyan/avito-pr-test/internal/service/pr/reassign.go:47.50,49.5 1 0
github.com/Dokhoyan/avito-pr-test/internal/service/pr/reassign.go:51.4,51.57 1 0
github.com/Dokhoyan/avito-pr-test/internal/service/pr/reassign.go:53.3,54.17 2 0
github.com/Dokhoyan/avito-pr-test/internal/service/pr/reassign.go:54.17,56.4 1 0
github.com/Dokhoyan/avito-pr-test/internal/service/pr/reassign.go:58.3,58.27 1 0
github.com/Dokhoyan/avito-pr-test/internal/service/pr/reassign.go:58.27,60.4 1 0
github.com/Dokhoyan/avito-pr-test/internal/service/pr/reassign.go:61.3,62.40 2 0
github.com/Dokhoyan/avito-pr-test/internal/service/pr/reassign.go:62.40,64.50 2 0
github.com/Dokhoyan/avito-pr-test/internal/service/pr/reassign.go:64.50,65.37 1 0
github.com/Dokhoyan/avito-pr-test/internal/service/pr/reassign.go:65.37,68.11 2 0
github.com/Dokhoyan/avito-pr-test/internal/service/pr/reassign.go:72.4,72.26 1 0
github.com/Dokhoyan/avito-pr-test/internal/service/pr/reassign.go:72.26,74.5 1 0
github.com/Dokhoyan/avito-pr-test/internal/service/pr/reassign.go:76.3,76.36 1 0
github.com/Dokhoyan/avito-pr-test/internal/service/pr/reassign.go:76.36,78.4 1 0
github.com/Dokhoyan/avito-pr-test/internal/service/pr/reassign.go:79.3,80.17 2 0
github.com/Dokhoyan/avito-pr-test/internal/service/pr/reassign.go:80.17,82.4 1 0
github.com/Dokhoyan/avito-pr-test/internal/service/pr/reassign.go:84.3,87.79 3 0
github.com/Dokhoyan/avito-pr-test/internal/service/pr/reassign.go:87.79,89.4 1 0
github.com/Dokhoyan/avito-pr-test/internal/service/pr/reassign.go:91.3,91.83 1 0
github.com/Dokhoyan/avito-pr-test/internal/service/pr/reassign.go:91.83,93.4 1 0
github.com/Dokhoyan/avito-pr-test/internal/service/pr/reassign.go:95.3,96.17 2 0
github.com/Dokhoyan/avito-pr-test/internal/service/pr/reassign.go:96.17,98.4 1 0
github.com/Dokhoyan/avito-pr-test/internal/service/pr/reassign.go:99.3,101.13 2 0
github.com/Dokhoyan/avito-pr-test/internal/service/pr/reassign.go:103.2,103.16 1 0
github.com/Dokhoyan/avito-pr-test/internal/service/pr/reassign.go:103.16,105.3 1 0
github.com/Dokhoyan/avito-pr-test/internal/service/pr/reassign.go:107.2,107.37 1 0
github.com/Dokhoyan/avito-pr-test/internal/service/pr/service.go:16.185,18.2 1 0
github.com/Dokhoyan/avito-pr-test/internal/service/pr/service.go:20.199,27.2 1 0
github.com/Dokhoyan/avito-pr-test/internal/service/stats/get.go:9.68,12.54 2 5
github.com/Dokhoyan/avito-pr-test/internal/service/stats/get.go:12.54,14.17 2 5
github.com/Dokhoyan/avito-pr-test/internal/service/stats/get.go:14.17,16.4 1 1
github.com/Dokhoyan/avito-pr-test/internal/service/stats/get.go:18.3,19.17 2 4
github.com/Dokhoyan/avito-pr-test/internal/service/stats/get.go:19.17,21.4 1 1
github.com/Dokhoyan/avito-pr-test/internal/service/stats/get.go:23.3,24.17 2 3
github.com/Dokhoyan/avito-pr-test/internal/service/stats/get.go:24.17,26.4 1 1
github.com/Dokhoyan/avito-pr-test/internal/service/stats/get.go:28.3,29.17 2 2
github.com/Dokhoyan/avito-pr-test/internal/service/stats/get.go:29.17,31.4 1 1
github.com/Dokhoyan/avito-pr-test/internal/service/stats/get.go:33.3,43.13 2 1
github.com/Dokhoyan/avito-pr-test/internal/service/stats/get.go:45.2,45.16 1 5
github.com/Dokhoyan/avito-pr-test/internal/service/stats/get.go:45.16,47.3 1 4
github.com/Dokhoyan/avito-pr-test/internal/service/stats/get.go:49.2,49.19 1 1
github.com/Dokhoyan/avito-pr-test/internal/service/stats/service.go:14.92,16.2 1 0
github.com/Dokhoyan/avito-pr-test/internal/service/stats/service.go:18.106,23.2 1 5
github.com/Dokhoyan/avito-pr-test/internal/service/team/create.go:12.125,13.20 1 0
github.com/Dokhoyan/avito-pr-test/internal/service/team/create.go:13.20,15.3 1 0
github.com/Dokhoyan/avito-pr-test/internal/service/team/create.go:16.2,16.23 1 0
github.com/Dokhoyan/avito-pr-test/internal/service/team/create.go:16.23,18.3 1 0
github.com/Dokhoyan/avito-pr-test/internal/service/team/create.go:20.2,20.61 1 0
github.com/Dokhoyan/avito-pr-test/internal/service/team/create.go:20.61,22.17 2 0
github.com/Dokhoyan/avito-pr-test/internal/service/team/create.go:22.17,24.4 1 0
github.com/Dokhoyan/avito-pr-test/internal/service/team/create.go:25.3,25.13 1 0
github.com/Dokhoyan/avito-pr-test/internal/service/team/create.go:25.13,27.4 1 0
github.com/Dokhoyan/avito-pr-test/internal/service/team/create.go:29.3,29.62 1 0
github.com/Dokhoyan/avito-pr-test/internal/service/team/create.go:29.62,31.4 1 0
github.com/Dokhoyan/avito-pr-test/internal/service/team/create.go:33.3,33.34 1 0
github.com/Dokhoyan/avito-pr-test/internal/service/team/create.go:33.34,34.52 1 0
github.com/Dokhoyan/avito-pr-test/internal/service/team/create.go:34.52,36.5 1 0
github.com/Dokhoyan/avito-pr-test/internal/service/team/create.go:38.4,38.79 1 0
github.com/Dokhoyan/avito-pr-test/internal/service/team/create.go:38.79,40.5 1 0
github.com/Dokhoyan/avito-pr-test/internal/service/team/create.go:43.3,43.13 1 0
github.com/Dokhoyan/avito-pr-test/internal/service/team/create.go:45.2,45.16 1 0
github.com/Dokhoyan/avito-pr-test/internal/service/team/create.go:45.16,47.3 1 0
github.com/Dokhoyan/avito-pr-test/internal/service/team/create.go:49.2,49.53 1 0
github.com/Dokhoyan/avito-pr-test/internal/service/team/get.go:13.83,14.20 1 0
github.com/Dokhoyan/avito-pr-test/internal/service/team/get.go:14.20,16.3 1 0
github.com/Dokhoyan/avito-pr-test/internal/service/team/get.go:18.2,19.16 2 0
github.com/Dokhoyan/avito-pr-test/internal/service/team/get.go:19.16,20.49 1 0
github.com/Dokhoyan/avito-pr-test/internal/service/team/get.go:20.49,22.4 1 0
github.com/Dokhoyan/avito-pr-test/internal/service/team/get.go:24.3,24.69 1 0
github.com/Dokhoyan/avito-pr-test/internal/service/team/get.go:27.2,27.18 1 0
github.com/Dokhoyan/avito-pr-test/internal/service/team/service.go:15.137,17.2 1 0
github.com/Dokhoyan/avito-pr-test/internal/service/team/service.go:19.151,25.2 1 0
github.com/Dokhoyan/avito-pr-test/internal/service/testutil/trm.go:14.55,19.80 2 5
github.com/Dokhoyan/avito-pr-test/internal/service/testutil/trm.go:19.80,21.4 1 5
github.com/Dokhoyan/avito-pr-test/internal/service/testutil/trm.go:23.2,23.22 1 5
github.com/Dokhoyan/avito-pr-test/internal/service/user/getUserReviews.go:13.102,14.18 1 0
github.com/Dokhoyan/avito-pr-test/internal/service/user/getUserReviews.go:14.18,16.3 1 0
github.com/Dokhoyan/avito-pr-test/internal/service/user/getUserReviews.go:18.2,19.16 2 0
github.com/Dokhoyan/avito-pr-test/internal/service/user/getUserReviews.go:19.16,20.49 1 0
github.com/Dokhoyan/avito-pr-test/internal/service/user/getUserReviews.go:20.49,22.4 1 0
github.com/Dokhoyan/avito-pr-test/internal/service/user/getUserReviews.go:24.3,24.56 1 0
github.com/Dokhoyan/avito-pr-test/internal/service/user/getUserReviews.go:27.2,27.17 1 0
github.com/Dokhoyan/avito-pr-test/internal/service/user/getUserReviews.go:27.17,29.3 1 0
github.com/Dokhoyan/avito-pr-test/internal/service/user/getUserReviews.go:31.2,32.16 2 0
github.com/Dokhoyan/avito-pr-test/internal/service/user/getUserReviews.go:32.16,34.3 1 0
github.com/Dokhoyan/avito-pr-test/internal/service/user/getUserReviews.go:36.2,36.25 1 0
github.com/Dokhoyan/avito-pr-test/internal/service/user/getUserReviews.go:36.25,38.3 1 0
github.com/Dokhoyan/avito-pr-test/internal/service/user/getUserReviews.go:40.2,40.26 1 0
github.com/Dokhoyan/avito-pr-test/internal/service/user/service.go:14.101,16.2 1 0
github.com/Dokhoyan/avito-pr-test/internal/service/user/service.go:18.115,23.2 1 0
github.com/Dokhoyan/avito-pr-test/internal/service/user/setUserStatus.go:13.105,14.18 1 0
github.com/Dokhoyan/avito-pr-test/internal/service/user/setUserStatus.go:14.18,16.3 1 0
github.com/Dokhoyan/avito-pr-test/internal/service/user/setUserStatus.go:17.2,17.61 1 0
github.com/Dokhoyan/avito-pr-test/internal/service/user/setUserStatus.go:17.61,19.17 2 0
github.com/Dokhoyan/avito-pr-test/internal/service/user/setUserStatus.go:19.17,20.50 1 0
github.com/Dokhoyan/avito-pr-test/internal/service/user/setUserStatus.go:20.50,22.5 1 0
github.com/Dokhoyan/avito-pr-test/internal/service/user/setUserStatus.go:24.4,24.62 1 0
github.com/Dokhoyan/avito-pr-test/internal/service/user/setUserStatus.go:27.3,27.13 1 0
github.com/Dokhoyan/avito-pr-test/internal/service/user/setUserStatus.go:29.2,29.16 1 0
github.com/Dokhoyan/avito-pr-test/internal/service/user/setUserStatus.go:29.16,31.3 1 0
github.com/Dokhoyan/avito-pr-test/internal/service/user/setUserStatus.go:32.2,33.16 2 0
github.com/Dokhoyan/avito-pr-test/internal/service/user/setUserStatus.go:33.16,35.3 1 0
github.com/Dokhoyan/avito-pr-test/internal/service/user/setUserStatus.go:37.2,37.18 1 0
github.com/Dokhoyan/avito-pr-test/internal/http-server/handlers/testutil/logger.go:12.23,19.2 2 0
github.com/Dokhoyan/avito-pr-test/internal/http-server/handlers/user/getUserReviews.go:18.76,19.32 1 0
github.com/Dokhoyan/avito-pr-test/internal/http-server/handlers/user/getUserReviews.go:19.32,35.3 5 0
github.com/Dokhoyan/avito-pr-test/internal/http-server/handlers/user/getUserReviews.go:37.2,40.22 3 0
github.com/Dokhoyan/avito-pr-test/internal/http-server/handlers/user/getUserReviews.go:40.22,55.3 5 0
github.com/Dokhoyan/avito-pr-test/internal/http-server/handlers/user/getUserReviews.go:57.2,61.16 3 0
github.com/Dokhoyan/avito-pr-test/internal/http-server/handlers/user/getUserReviews.go:61.16,62.46 1 0
github.com/Dokhoyan/avito-pr-test/internal/http-server/handlers/user/getUserReviews.go:62.46,77.4 5 0
github.com/Dokhoyan/avito-pr-test/internal/http-server/handlers/user/getUserReviews.go:78.3,91.9 5 0
github.com/Dokhoyan/avito-pr-test/internal/http-server/handlers/user/getUserReviews.go:94.2,99.4 3 0
github.com/Dokhoyan/avito-pr-test/internal/http-server/handlers/user/service.go:13.63,17.2 1 0
github.com/Dokhoyan/avito-pr-test/internal/http-server/handlers/user/service.go:19.61,22.2 2 0
github.com/Dokhoyan/avito-pr-test/internal/http-server/handlers/user/setUserStatus.go:19.80,20.33 1 0
github.com/Dokhoyan/avito-pr-test/internal/http-server/handlers/user/setUserStatus.go:20.33,36.3 5 0
github.com/Dokhoyan/avito-pr-test/internal/http-server/handlers/user/setUserStatus.go:38.2,40.61 2 0
github.com/Dokhoyan/avito-pr-test/internal/http-server/handlers/user/setUserStatus.go:40.61,57.3 5 0
github.com/Dokhoyan/avito-pr-test/internal/http-server/handlers/user/setUserStatus.go:59.2,64.16 3 0
github.com/Dokhoyan/avito-pr-test/internal/http-server/handlers/user/setUserStatus.go:64.16,65.46 1 0
github.com/Dokhoyan/avito-pr-test/internal/http-server/handlers/user/setUserStatus.go:65.46,81.4 5 0
github.com/Dokhoyan/avito-pr-test/internal/http-server/handlers/user/setUserStatus.go:82.3,95.9 5 0
github.com/Dokhoyan/avito-pr-test/internal/http-server/handlers/user/setUserStatus.go:98.2,102.4 3 0
github.com/Dokhoyan/avito-pr-test/internal/http-server/handlers/pr/create.go:20.73,21.33 1 0
github.com/Dokhoyan/avito-pr-test/internal/http-server/handlers/pr/create.go:21.33,37.3 5 0
github.com/Dokhoyan/avito-pr-test/internal/http-server/handlers/pr/create.go:39.2,41.61 2 0
[...]
github.com/Dokhoyan/avito-pr-test/internal/service/mocks/mock_TrManager.go:25.88,28.19 2 0
github.com/Dokhoyan/avito-pr-test/internal/service/mocks/mock_TrManager.go:28.19,29.44 1 0
github.com/Dokhoyan/avito-pr-test/internal/service/mocks/mock_TrManager.go:32.2,33.89 2 0
github.com/Dokhoyan/avito-pr-test/internal/service/mocks/mock_TrManager.go:33.89,35.3 1 0
github.com/Dokhoyan/avito-pr-test/internal/service/mocks/mock_TrManager.go:35.8,37.3 1 0
github.com/Dokhoyan/avito-pr-test/internal/service/mocks/mock_TrManager.go:39.2,39.11 1 0
github.com/Dokhoyan/avito-pr-test/internal/service/mocks/mock_TrManager.go:50.94,52.2 1 0
github.com/Dokhoyan/avito-pr-test/internal/service/mocks/mock_TrManager.go:54.124,55.40 1 0
github.com/Dokhoyan/avito-pr-test/internal/service/mocks/mock_TrManager.go:55.40,57.3 1 0
github.com/Dokhoyan/avito-pr-test/internal/service/mocks/mock_TrManager.go:58.2,58.11 1 0
github.com/Dokhoyan/avito-pr-test/internal/service/mocks/mock_TrManager.go:61.75,64.2 2 0
github.com/Dokhoyan/avito-pr-test/internal/service/mocks/mock_TrManager.go:66.132,69.2 2 0
github.com/Dokhoyan/avito-pr-test/internal/service/mocks/mock_TrManager.go:76.19,80.19 3 0
github.com/Dokhoyan/avito-pr-test/internal/service/mocks/mock_TrManager.go:80.19,80.49 1 0
github.com/Dokhoyan/avito-pr-test/internal/service/mocks/mock_TrManager.go:82.2,82.13 1 0
github.com/Dokhoyan/avito-pr-test/internal/service/mocks/mock_UserService.go:21.63,23.2 1 4
github.com/Dokhoyan/avito-pr-test/internal/service/mocks/mock_UserService.go:26.114,29.19 2 2
github.com/Dokhoyan/avito-pr-test/internal/service/mocks/mock_UserService.go:29.19,30.56 1 0
github.com/Dokhoyan/avito-pr-test/internal/service/mocks/mock_UserService.go:33.2,35.97 3 2
github.com/Dokhoyan/avito-pr-test/internal/service/mocks/mock_UserService.go:35.97,37.3 1 0
github.com/Dokhoyan/avito-pr-test/internal/service/mocks/mock_UserService.go:38.2,38.88 1 2
github.com/Dokhoyan/avito-pr-test/internal/service/mocks/mock_UserService.go:38.88,40.3 1 0
github.com/Dokhoyan/avito-pr-test/internal/service/mocks/mock_UserService.go:40.8,41.24 1 2
github.com/Dokhoyan/avito-pr-test/internal/service/mocks/mock_UserService.go:41.24,43.4 1 2
github.com/Dokhoyan/avito-pr-test/internal/service/mocks/mock_UserService.go:46.2,46.68 1 2
github.com/Dokhoyan/avito-pr-test/internal/service/mocks/mock_UserService.go:46.68,48.3 1 0
github.com/Dokhoyan/avito-pr-test/internal/service/mocks/mock_UserService.go:48.8,50.3 1 2
github.com/Dokhoyan/avito-pr-test/internal/service/mocks/mock_UserService.go:52.2,52.15 1 2
github.com/Dokhoyan/avito-pr-test/internal/service/mocks/mock_UserService.go:63.126,65.2 1 2
github.com/Dokhoyan/avito-pr-test/internal/service/mocks/mock_UserService.go:67.135,68.40 1 0
github.com/Dokhoyan/avito-pr-test/internal/service/mocks/mock_UserService.go:68.40,70.3 1 0
github.com/Dokhoyan/avito-pr-test/internal/service/mocks/mock_UserService.go:71.2,71.11 1 0
github.com/Dokhoyan/avito-pr-test/internal/service/mocks/mock_UserService.go:74.134,77.2 2 2
github.com/Dokhoyan/avito-pr-test/internal/service/mocks/mock_UserService.go:79.168,82.2 2 0
github.com/Dokhoyan/avito-pr-test/internal/service/mocks/mock_UserService.go:85.117,88.19 2 2
github.com/Dokhoyan/avito-pr-test/internal/service/mocks/mock_UserService.go:88.19,89.58 1 0
github.com/Dokhoyan/avito-pr-test/internal/service/mocks/mock_UserService.go:92.2,94.89 3 2
github.com/Dokhoyan/avito-pr-test/internal/service/mocks/mock_UserService.go:94.89,96.3 1 0
github.com/Dokhoyan/avito-pr-test/internal/service/mocks/mock_UserService.go:97.2,97.80 1 2
github.com/Dokhoyan/avito-pr-test/internal/service/mocks/mock_UserService.go:97.80,99.3 1 0
github.com/Dokhoyan/avito-pr-test/internal/service/mocks/mock_UserService.go:99.8,100.24 1 2
github.com/Dokhoyan/avito-pr-test/internal/service/mocks/mock_UserService.go:100.24,102.4 1 2
github.com/Dokhoyan/avito-pr-test/internal/service/mocks/mock_UserService.go:105.2,105.74 1 2
github.com/Dokhoyan/avito-pr-test/internal/service/mocks/mock_UserService.go:105.74,107.3 1 0
github.com/Dokhoyan/avito-pr-test/internal/service/mocks/mock_UserService.go:107.8,109.3 1 2
github.com/Dokhoyan/avito-pr-test/internal/service/mocks/mock_UserService.go:111.2,111.15 1 2
github.com/Dokhoyan/avito-pr-test/internal/service/mocks/mock_UserService.go:123.152,125.2 1 2
github.com/Dokhoyan/avito-pr-test/internal/service/mocks/mock_UserService.go:127.154,128.40 1 0
github.com/Dokhoyan/avito-pr-test/internal/service/mocks/mock_UserService.go:128.40,130.3 1 0
github.com/Dokhoyan/avito-pr-test/internal/service/mocks/mock_UserService.go:131.2,131.11 1 0
github.com/Dokhoyan/avito-pr-test/internal/service/mocks/mock_UserService.go:134.124,137.2 2 2
github.com/Dokhoyan/avito-pr-test/internal/service/mocks/mock_UserService.go:139.164,142.2 2 0
github.com/Dokhoyan/avito-pr-test/internal/service/mocks/mock_UserService.go:149.21,153.19 3 8
github.com/Dokhoyan/avito-pr-test/internal/service/mocks/mock_UserService.go:153.19,153.49 1 8
github.com/Dokhoyan/avito-pr-test/internal/service/mocks/mock_UserService.go:155.2,155.13 1 8
github.com/Dokhoyan/avito-pr-test/internal/service/pr/create.go:15.105,16.50 1 0
github.com/Dokhoyan/avito-pr-test/internal/service/pr/create.go:16.50,18.3 1 0
github.com/Dokhoyan/avito-pr-test/internal/service/pr/create.go:19.2,19.61 1 0
github.com/Dokhoyan/avito-pr-test/internal/service/pr/create.go:19.61,21.17 2 0
github.com/Dokhoyan/avito-pr-test/internal/service/pr/create.go:21.17,23.4 1 0
github.com/Dokhoyan/avito-pr-test/internal/service/pr/create.go:24.3,24.13 1 0
github.com/Dokhoyan/avito-pr-test/internal/service/pr/create.go:24.13,26.4 1 0
github.com/Dokhoyan/avito-pr-test/internal/service/pr/create.go:27.3,28.17 2 0
github.com/Dokhoyan/avito-pr-test/internal/service/pr/create.go:28.17,29.50 1 0
github.com/Dokhoyan/avito-pr-test/internal/service/pr/create.go:29.50,31.5 1 0
github.com/Dokhoyan/avito-pr-test/internal/service/pr/create.go:33.4,33.54 1 0
github.com/Dokhoyan/avito-pr-test/internal/service/pr/create.go:35.3,35.18 1 0
github.com/Dokhoyan/avito-pr-test/internal/service/pr/create.go:35.18,37.4 1 0
github.com/Dokhoyan/avito-pr-test/internal/service/pr/create.go:38.3,38.21 1 0
github.com/Dokhoyan/avito-pr-test/internal/service/pr/create.go:38.21,40.4 1 0
github.com/Dokhoyan/avito-pr-test/internal/service/pr/create.go:41.3,42.17 2 0
github.com/Dokhoyan/avito-pr-test/internal/service/pr/create.go:42.17,44.4 1 0
github.com/Dokhoyan/avito-pr-test/internal/service/pr/create.go:45.3,45.18 1 0
github.com/Dokhoyan/avito-pr-test/internal/service/pr/create.go:45.18,47.4 1 0
github.com/Dokhoyan/avito-pr-test/internal/service/pr/create.go:49.3,55.64 2 0
github.com/Dokhoyan/avito-pr-test/internal/service/pr/create.go:55.64,57.4 1 0
github.com/Dokhoyan/avito-pr-test/internal/service/pr/create.go:58.3,59.60 2 0
github.com/Dokhoyan/avito-pr-test/internal/service/pr/create.go:59.60,61.4 1 0
github.com/Dokhoyan/avito-pr-test/internal/service/pr/create.go:62.3,62.40 1 0
github.com/Dokhoyan/avito-pr-test/internal/service/pr/create.go:62.40,63.73 1 0
github.com/Dokhoyan/avito-pr-test/internal/service/pr/create.go:63.73,65.5 1 0
github.com/Dokhoyan/avito-pr-test/internal/service/pr/create.go:68.3,68.13 1 0
github.com/Dokhoyan/avito-pr-test/internal/service/pr/create.go:70.2,70.16 1 0
github.com/Dokhoyan/avito-pr-test/internal/service/pr/create.go:70.16,72.3 1 0
github.com/Dokhoyan/avito-pr-test/internal/service/pr/create.go:73.2,74.16 2 0
github.com/Dokhoyan/avito-pr-test/internal/service/pr/create.go:74.16,75.47 1 0
github.com/Dokhoyan/avito-pr-test/internal/service/pr/create.go:75.47,77.4 1 0
github.com/Dokhoyan/avito-pr-test/internal/service/pr/create.go:79.3,79.54 1 0
github.com/Dokhoyan/avito-pr-test/internal/service/pr/create.go:82.2,82.16 1 0
github.com/Dokhoyan/avito-pr-test/internal/service/pr/create.go:85.95,87.16 2 0
github.com/Dokhoyan/avito-pr-test/internal/service/pr/create.go:87.16,89.3 1 0
github.com/Dokhoyan/avito-pr-test/internal/service/pr/create.go:91.2,91.26 1 0
github.com/Dokhoyan/avito-pr-test/internal/service/pr/create.go:91.26,93.3 1 0
github.com/Dokhoyan/avito-pr-test/internal/service/pr/create.go:94.2,94.43 1 0
github.com/Dokhoyan/avito-pr-test/internal/service/pr/create.go:94.43,96.17 2 0
github.com/Dokhoyan/avito-pr-test/internal/service/pr/create.go:96.17,98.4 1 0
github.com/Dokhoyan/avito-pr-test/internal/service/pr/create.go:99.3,100.62 2 0
github.com/Dokhoyan/avito-pr-test/internal/service/pr/create.go:103.2,106.36 3 0
github.com/Dokhoyan/avito-pr-test/internal/service/pr/create.go:106.36,108.3 1 0
github.com/Dokhoyan/avito-pr-test/internal/service/pr/create.go:110.2,110.25 1 0
github.com/Dokhoyan/avito-pr-test/internal/service/pr/merge.go:14.86,15.16 1 0
github.com/Dokhoyan/avito-pr-test/internal/service/pr/merge.go:15.16,17.3 1 0
github.com/Dokhoyan/avito-pr-test/internal/service/pr/merge.go:18.2,18.61 1 0
github.com/Dokhoyan/avito-pr-test/internal/service/pr/merge.go:18.61,20.17 2 0
github.com/Dokhoyan/avito-pr-test/internal/service/pr/merge.go:20.17,21.48 1 0
github.com/Dokhoyan/avito-pr-test/internal/service/pr/merge.go:21.48,23.5 1 0
github.com/Dokhoyan/avito-pr-test/internal/service/pr/merge.go:25.4,25.50 1 0
github.com/Dokhoyan/avito-pr-test/internal/service/pr/merge.go:27.3,27.16 1 0
github.com/Dokhoyan/avito-pr-test/internal/service/pr/merge.go:27.16,29.4 1 0
github.com/Dokhoyan/avito-pr-test/internal/service/pr/merge.go:30.3,30.40 1 0
github.com/Dokhoyan/avito-pr-test/internal/service/pr/merge.go:30.40,32.4 1 0
github.com/Dokhoyan/avito-pr-test/internal/service/pr/merge.go:33.3,34.17 2 0
github.com/Dokhoyan/avito-pr-test/internal/service/pr/merge.go:34.17,36.4 1 0
github.com/Dokhoyan/avito-pr-test/internal/service/pr/merge.go:38.3,38.13 1 0
github.com/Dokhoyan/avito-pr-test/internal/service/pr/merge.go:40.2,40.16 1 0
github.com/Dokhoyan/avito-pr-test/internal/service/pr/merge.go:40.16,42.3 1 0
github.com/Dokhoyan/avito-pr-test/internal/service/pr/merge.go:44.2,45.16 2 0
github.com/Dokhoyan/avito-pr-test/internal/service/pr/merge.go:45.16,47.3 1 0
github.com/Dokhoyan/avito-pr-test/internal/service/pr/merge.go:49.2,49.16 1 0
github.com/Dokhoyan/avito-pr-test/internal/service/pr/reassign.go:15.123,16.44 1 0
github.com/Dokhoyan/avito-pr-test/internal/service/pr/reassign.go:16.44,18.3 1 0
github.com/Dokhoyan/avito-pr-test/internal/service/pr/reassign.go:19.2,21.61 3 0
github.com/Dokhoyan/avito-pr-test/internal/service/pr/reassign.go:21.61,23.17 2 0
github.com/Dokhoyan/avito-pr-test/internal/service/pr/reassign.go:23.17,25.4 1 0
github.com/Dokhoyan/avito-pr-test/internal/service/pr/reassign.go:26.3,26.16 1 0
github.com/Dokhoyan/avito-pr-test/internal/service/pr/reassign.go:26.16,28.4 1 0
github.com/Dokhoyan/avito-pr-test/internal/service/pr/reassign.go:29.3,29.40 1 0
github.com/Dokhoyan/avito-pr-test/internal/service/pr/reassign.go:29.40,31.4 1 0
github.com/Dokhoyan/avito-pr-test/internal/service/pr/reassign.go:33.3,34.49 2 0
github.com/Dokhoyan/avito-pr-test/internal/service/pr/reassign.go:34.49,35.29 1 0
github.com/Dokhoyan/avito-pr-test/internal/service/pr/reassign.go:35.29,38.10 2 0
github.com/Dokhoyan/avito-pr-test/internal/service/pr/reassign.go:41.3,41.18 1 0
github.com/Dokhoyan/avito-pr-test/internal/service/pr/reassign.go:41.18,43.4 1 0
github.com/Dokhoyan/avito-pr-test/internal/service/pr/reassign.go:45.3,46.17 2 0
github.com/Dokhoyan/avito-pr-test/internal/service/pr/reassign.go:46.17,47.50 1 0
github.com/Dokhoyan/avito-pr-test/internal/service/pr/reassign.go:47.50,49.5 1 0
github.com/Dokhoyan/avito-pr-test/internal/service/pr/reassign.go:51.4,51.57 1 0
github.com/Dokhoyan/avito-pr-test/internal/service/pr/reassign.go:53.3,54.17 2 0
github.com/Dokhoyan/avito-pr-test/internal/service/pr/reassign.go:54.17,56.4 1 0
github.com/Dokhoyan/avito-pr-test/internal/service/pr/reassign.go:58.3,58.27 1 0
github.com/Dokhoyan/avito-pr-test/internal/service/pr/reassign.go:58.27,60.4 1 0
github.com/Dokhoyan/avito-pr-test/internal/service/pr/reassign.go:61.3,62.40 2 0
github.com/Dokhoyan/avito-pr-test/internal/service/pr/reassign.go:62.40,64.50 2 0
github.com/Dokhoyan/avito-pr-test/internal/service/pr/reassign.go:64.50,65.37 1 0
github.com/Dokhoyan/avito-pr-test/internal/service/pr/reassign.go:65.37,68.11 2 0
github.com/Dokhoyan/avito-pr-test/internal/service/pr/reassign.go:72.4,72.26 1 0
github.com/Dokhoyan/avito-pr-test/internal/service/pr/reassign.go:72.26,74.5 1 0
github.com/Dokhoyan/avito-pr-test/internal/service/pr/reassign.go:76.3,76.36 1 0
github.com/Dokhoyan/avito-pr-test/internal/service/pr/reassign.go:76.36,78.4 1 0
github.com/Dokhoyan/avito-pr-test/internal/service/pr/reassign.go:79.3,80.17 2 0
github.com/Dokhoyan/avito-pr-test/internal/service/pr/reassign.go:80.17,82.4 1 0
github.com/Dokhoyan/avito-pr-test/internal/service/pr/reassign.go:84.3,87.79 3 0
github.com/Dokhoyan/avito-pr-test/internal/service/pr/reassign.go:87.79,89.4 1 0
github.com/Dokhoyan/avito-pr-test/internal/service/pr/reassign.go:91.3,91.83 1 0
github.com/Dokhoyan/avito-pr-test/internal/service/pr/reassign.go:91.83,93.4 1 0
github.com/Dokhoyan/avito-pr-test/internal/service/pr/reassign.go:95.3,96.17 2 0
github.com/Dokhoyan/avito-pr-test/internal/service/pr/reassign.go:96.17,98.4 1 0
github.com/Dokhoyan/avito-pr-test/internal/service/pr/reassign.go:99.3,101.13 2 0
github.com/Dokhoyan/avito-pr-test/internal/service/pr/reassign.go:103.2,103.16 1 0
github.com/Dokhoyan/avito-pr-test/internal/service/pr/reassign.go:103.16,105.3 1 0
github.com/Dokhoyan/avito-pr-test/internal/service/pr/reassign.go:107.2,107.37 1 0
github.com/Dokhoyan/avito-pr-test/internal/service/pr/service.go:16.185,18.2 1 0
github.com/Dokhoyan/avito-pr-test/internal/service/pr/service.go:20.199,27.2 1 0
github.com/Dokhoyan/avito-pr-test/internal/service/stats/get.go:9.68,12.54 2 0
github.com/Dokhoyan/avito-pr-test/internal/service/stats/get.go:12.54,14.17 2 0
github.com/Dokhoyan/avito-pr-test/internal/service/stats/get.go:14.17,16.4 1 0
github.com/Dokhoyan/avito-pr-test/internal/service/stats/get.go:18.3,19.17 2 0
github.com/Dokhoyan/avito-pr-test/internal/service/stats/get.go:19.17,21.4 1 0
github.com/Dokhoyan/avito-pr-test/internal/service/stats/get.go:23.3,24.17 2 0
github.com/Dokhoyan/avito-pr-test/internal/service/stats/get.go:24.17,26.4 1 0
github.com/Dokhoyan/avito-pr-test/internal/service/stats/get.go:28.3,29.17 2 0
github.com/Dokhoyan/avito-pr-test/internal/service/stats/get.go:29.17,31.4 1 0
github.com/Dokhoyan/avito-pr-test/internal/service/stats/get.go:33.3,43.13 2 0
github.com/Dokhoyan/avito-pr-test/internal/service/stats/get.go:45.2,45.16 1 0
github.com/Dokhoyan/avito-pr-test/internal/service/stats/get.go:45.16,47.3 1 0
github.com/Dokhoyan/avito-pr-test/internal/service/stats/get.go:49.2,49.19 1 0
github.com/Dokhoyan/avito-pr-test/internal/service/stats/service.go:14.92,16.2 1 0
github.com/Dokhoyan/avito-pr-test/internal/service/stats/service.go:18.106,23.2 1 0
github.com/Dokhoyan/avito-pr-test/internal/service/team/create.go:12.125,13.20 1 0
github.com/Dokhoyan/avito-pr-test/internal/service/team/create.go:13.20,15.3 1 0
github.com/Dokhoyan/avito-pr-test/internal/service/team/create.go:16.2,16.23 1 0
github.com/Dokhoyan/avito-pr-test/internal/service/team/create.go:16.23,18.3 1 0
github.com/Dokhoyan/avito-pr-test/internal/service/team/create.go:20.2,20.61 1 0
github.com/Dokhoyan/avito-pr-test/internal/service/team/create.go:20.61,22.17 2 0
github.com/Dokhoyan/avito-pr-test/internal/service/team/create.go:22.17,24.4 1 0
github.com/Dokhoyan/avito-pr-test/internal/service/team/create.go:25.3,25.13 1 0
github.com/Dokhoyan/avito-pr-test/internal/service/team/create.go:25.13,27.4 1 0
github.com/Dokhoyan/avito-pr-test/internal/service/team/create.go:29.3,29.62 1 0
github.com/Dokhoyan/avito-pr-test/internal/service/team/create.go:29.62,31.4 1 0
github.com/Dokhoyan/avito-pr-test/internal/service/team/create.go:33.3,33.34 1 0
github.com/Dokhoyan/avito-pr-test/internal/service/team/create.go:33.34,34.52 1 0
github.com/Dokhoyan/avito-pr-test/internal/service/team/create.go:34.52,36.5 1 0
github.com/Dokhoyan/avito-pr-test/internal/service/team/create.go:38.4,38.79 1 0
github.com/Dokhoyan/avito-pr-test/internal/service/team/create.go:38.79,40.5 1 0
github.com/Dokhoyan/avito-pr-test/internal/service/team/create.go:43.3,43.13 1 0
github.com/Dokhoyan/avito-pr-test/internal/service/team/create.go:45.2,45.16 1 0
github.com/Dokhoyan/avito-pr-test/internal/service/team/create.go:45.16,47.3 1 0
github.com/Dokhoyan/avito-pr-test/internal/service/team/create.go:49.2,49.53 1 0
github.com/Dokhoyan/avito-pr-test/internal/service/team/get.go:13.83,14.20 1 0
github.com/Dokhoyan/avito-pr-test/internal/service/team/get.go:14.20,16.3 1 0
github.com/Dokhoyan/avito-pr-test/internal/service/team/get.go:18.2,19.16 2 0
github.com/Dokhoyan/avito-pr-test/internal/service/team/get.go:19.16,20.49 1 0
github.com/Dokhoyan/avito-pr-test/internal/service/team/get.go:20.49,22.4 1 0
github.com/Dokhoyan/avito-pr-test/internal/service/team/get.go:24.3,24.69 1 0
github.com/Dokhoyan/avito-pr-test/internal/service/team/get.go:27.2,27.18 1 0
github.com/Dokhoyan/avito-pr-test/internal/service/team/service.go:15.137,17.2 1 0
github.com/Dokhoyan/avito-pr-test/internal/service/team/service.go:19.151,25.2 1 0
github.com/Dokhoyan/avito-pr-test/internal/service/testutil/trm.go:14.55,19.80 2 0
github.com/Dokhoyan/avito-pr-test/internal/service/testutil/trm.go:19.80,21.4 1 0
github.com/Dokhoyan/avito-pr-test/internal/service/testutil/trm.go:23.2,23.22 1 0
github.com/Dokhoyan/avito-pr-test/internal/service/user/getUserReviews.go:13.102,14.18 1 0
github.com/Dokhoyan/avito-pr-test/internal/service/user/getUserReviews.go:14.18,16.3 1 0
github.com/Dokhoyan/avito-pr-test/internal/service/user/getUserReviews.go:18.2,19.16 2 0
github.com/Dokhoyan/avito-pr-test/internal/service/user/getUserReviews.go:19.16,20.49 1 0
github.com/Dokhoyan/avito-pr-test/internal/service/user/getUserReviews.go:20.49,22.4 1 0
github.com/Dokhoyan/avito-pr-test/internal/service/user/getUserReviews.go:24.3,24.56 1 0
github.com/Dokhoyan/avito-pr-test/internal/service/user/getUserReviews.go:27.2,27.17 1 0
github.com/Dokhoyan/avito-pr-test/internal/service/user/getUserReviews.go:27.17,29.3 1 0
github.com/Dokhoyan/avito-pr-test/internal/service/user/getUserReviews.go:31.2,32.16 2 0
github.com/Dokhoyan/avito-pr-test/internal/service/user/getUserReviews.go:32.16,34.3 1 0
github.com/Dokhoyan/avito-pr-test/internal/service/user/getUserReviews.go:36.2,36.25 1 0
github.com/Dokhoyan/avito-pr-test/internal/service/user/getUserReviews.go:36.25,38.3 1 0
github.com/Dokhoyan/avito-pr-test/internal/service/user/getUserReviews.go:40.2,40.26 1 0
github.com/Dokhoyan/avito-pr-test/internal/service/user/service.go:14.101,16.2 1 0
github.com/Dokhoyan/avito-pr-test/internal/service/user/service.go:18.115,23.2 1 0
github.com/Dokhoyan/avito-pr-test/internal/service/user/setUserStatus.go:13.105,14.18 1 0
github.com/Dokhoyan/avito-pr-test/internal/service/user/setUserStatus.go:14.18,16.3 1 0
github.com/Dokhoyan/avito-pr-test/internal/service/user/setUserStatus.go:17.2,17.61 1 0
github.com/Dokhoyan/avito-pr-test/internal/service/user/setUserStatus.go:17.61,19.17 2 0
github.com/Dokhoyan/avito-pr-test/internal/service/user/setUserStatus.go:19.17,20.50 1 0
github.com/Dokhoyan/avito-pr-test/internal/service/user/setUserStatus.go:20.50,22.5 1 0
github.com/Dokhoyan/avito-pr-test/internal/service/user/setUserStatus.go:24.4,24.62 1 0
github.com/Dokhoyan/avito-pr-test/internal/service/user/setUserStatus.go:27.3,27.13 1 0
github.com/Dokhoyan/avito-pr-test/internal/service/user/setUserStatus.go:29.2,29.16 1 0
github.com/Dokhoyan/avito-pr-test/internal/service/user/setUserStatus.go:29.16,31.3 1 0
github.com/Dokhoyan/avito-pr-test/internal/service/user/setUserStatus.go:32.2,33.16 2 0
github.com/Dokhoyan/avito-pr-test/internal/service/user/setUserStatus.go:33.16,35.3 1 0
github.com/Dokhoyan/avito-pr-test/internal/service/user/setUserStatus.go:37.2,37.18 1 0
